<?xml version="1.0" encoding="UTF-8" standalone="yes"?><!DOCTYPE report PUBLIC "-//JACOCO//DTD Report 1.0//EN" "report.dtd"><report name="prolobjectlink-jpi-tuprolog"><sessioninfo id="DESKTOP-NK7F6C3-67a6a491" start="1623935032662" dump="1623935049866"/><package name="io/github/prolobjectlink/prolog/tuprolog"><class name="io/github/prolobjectlink/prolog/tuprolog/TuPrologVariable"><method name="&lt;init&gt;" desc="(Lio/github/prolobjectlink/prolog/PrologProvider;)V" line="41"><counter type="INSTRUCTION" missed="0" covered="8"/><counter type="LINE" missed="0" covered="2"/><counter type="COMPLEXITY" missed="0" covered="1"/><counter type="METHOD" missed="0" covered="1"/></method><method name="&lt;init&gt;" desc="(Lio/github/prolobjectlink/prolog/PrologProvider;Ljava/lang/String;)V" line="45"><counter type="INSTRUCTION" missed="0" covered="9"/><counter type="LINE" missed="0" covered="2"/><counter type="COMPLEXITY" missed="0" covered="1"/><counter type="METHOD" missed="0" covered="1"/></method><method name="isAnonymous" desc="()Z" line="49"><counter type="INSTRUCTION" missed="0" covered="5"/><counter type="LINE" missed="0" covered="1"/><counter type="COMPLEXITY" missed="0" covered="1"/><counter type="METHOD" missed="0" covered="1"/></method><method name="getName" desc="()Ljava/lang/String;" line="53"><counter type="INSTRUCTION" missed="0" covered="5"/><counter type="LINE" missed="0" covered="1"/><counter type="COMPLEXITY" missed="0" covered="1"/><counter type="METHOD" missed="0" covered="1"/></method><method name="setName" desc="(Ljava/lang/String;)V" line="57"><counter type="INSTRUCTION" missed="0" covered="7"/><counter type="LINE" missed="0" covered="2"/><counter type="COMPLEXITY" missed="0" covered="1"/><counter type="METHOD" missed="0" covered="1"/></method><method name="getArguments" desc="()[Lio/github/prolobjectlink/prolog/PrologTerm;" line="61"><counter type="INSTRUCTION" missed="0" covered="3"/><counter type="LINE" missed="0" covered="1"/><counter type="COMPLEXITY" missed="0" covered="1"/><counter type="METHOD" missed="0" covered="1"/></method><method name="getArity" desc="()I" line="65"><counter type="INSTRUCTION" missed="5" covered="0"/><counter type="LINE" missed="1" covered="0"/><counter type="COMPLEXITY" missed="1" covered="0"/><counter type="METHOD" missed="1" covered="0"/></method><method name="getFunctor" desc="()Ljava/lang/String;" line="69"><counter type="INSTRUCTION" missed="0" covered="5"/><counter type="LINE" missed="0" covered="1"/><counter type="COMPLEXITY" missed="0" covered="1"/><counter type="METHOD" missed="0" covered="1"/></method><method name="getPosition" desc="()I" line="73"><counter type="INSTRUCTION" missed="5" covered="0"/><counter type="LINE" missed="1" covered="0"/><counter type="COMPLEXITY" missed="1" covered="0"/><counter type="METHOD" missed="1" covered="0"/></method><counter type="INSTRUCTION" missed="10" covered="42"/><counter type="LINE" missed="2" covered="10"/><counter type="COMPLEXITY" missed="2" covered="7"/><counter type="METHOD" missed="2" covered="7"/><counter type="CLASS" missed="0" covered="1"/></class><class name="io/github/prolobjectlink/prolog/tuprolog/TuPrologOperator"><method name="&lt;init&gt;" desc="(ILjava/lang/String;Ljava/lang/String;)V" line="35"><counter type="INSTRUCTION" missed="0" covered="6"/><counter type="LINE" missed="0" covered="2"/><counter type="COMPLEXITY" missed="0" covered="1"/><counter type="METHOD" missed="0" covered="1"/></method><counter type="INSTRUCTION" missed="0" covered="6"/><counter type="LINE" missed="0" covered="2"/><counter type="COMPLEXITY" missed="0" covered="1"/><counter type="METHOD" missed="0" covered="1"/><counter type="CLASS" missed="0" covered="1"/></class><class name="io/github/prolobjectlink/prolog/tuprolog/TuPrologOperatorSet"><method name="&lt;init&gt;" desc="()V" line="46"><counter type="INSTRUCTION" missed="0" covered="53"/><counter type="BRANCH" missed="0" covered="2"/><counter type="LINE" missed="0" covered="12"/><counter type="COMPLEXITY" missed="0" covered="2"/><counter type="METHOD" missed="0" covered="1"/></method><method name="currentOp" desc="(Ljava/lang/String;)Z" line="60"><counter type="INSTRUCTION" missed="0" covered="21"/><counter type="BRANCH" missed="0" covered="4"/><counter type="LINE" missed="0" covered="5"/><counter type="COMPLEXITY" missed="0" covered="3"/><counter type="METHOD" missed="0" covered="1"/></method><method name="iterator" desc="()Ljava/util/Iterator;" line="70"><counter type="INSTRUCTION" missed="0" covered="4"/><counter type="LINE" missed="0" covered="1"/><counter type="COMPLEXITY" missed="0" covered="1"/><counter type="METHOD" missed="0" covered="1"/></method><method name="size" desc="()I" line="75"><counter type="INSTRUCTION" missed="0" covered="4"/><counter type="LINE" missed="0" covered="1"/><counter type="COMPLEXITY" missed="0" covered="1"/><counter type="METHOD" missed="0" covered="1"/></method><method name="hashCode" desc="()I" line="80"><counter type="INSTRUCTION" missed="0" covered="15"/><counter type="LINE" missed="0" covered="4"/><counter type="COMPLEXITY" missed="0" covered="1"/><counter type="METHOD" missed="0" covered="1"/></method><method name="equals" desc="(Ljava/lang/Object;)Z" line="88"><counter type="INSTRUCTION" missed="0" covered="20"/><counter type="BRANCH" missed="0" covered="4"/><counter type="LINE" missed="0" covered="6"/><counter type="COMPLEXITY" missed="0" covered="3"/><counter type="METHOD" missed="0" covered="1"/></method><counter type="INSTRUCTION" missed="0" covered="117"/><counter type="BRANCH" missed="0" covered="10"/><counter type="LINE" missed="0" covered="29"/><counter type="COMPLEXITY" missed="0" covered="11"/><counter type="METHOD" missed="0" covered="6"/><counter type="CLASS" missed="0" covered="1"/></class><class name="io/github/prolobjectlink/prolog/tuprolog/TuPrologTerm"><method name="&lt;init&gt;" desc="(ILio/github/prolobjectlink/prolog/PrologProvider;)V" line="52"><counter type="INSTRUCTION" missed="0" covered="5"/><counter type="LINE" missed="0" covered="2"/><counter type="COMPLEXITY" missed="0" covered="1"/><counter type="METHOD" missed="0" covered="1"/></method><method name="&lt;init&gt;" desc="(ILio/github/prolobjectlink/prolog/PrologProvider;Lalice/tuprolog/Term;)V" line="56"><counter type="INSTRUCTION" missed="0" covered="8"/><counter type="LINE" missed="0" covered="3"/><counter type="COMPLEXITY" missed="0" covered="1"/><counter type="METHOD" missed="0" covered="1"/></method><method name="isAtom" desc="()Z" line="61"><counter type="INSTRUCTION" missed="0" covered="4"/><counter type="LINE" missed="0" covered="1"/><counter type="COMPLEXITY" missed="0" covered="1"/><counter type="METHOD" missed="0" covered="1"/></method><method name="isNumber" desc="()Z" line="65"><counter type="INSTRUCTION" missed="0" covered="4"/><counter type="LINE" missed="0" covered="1"/><counter type="COMPLEXITY" missed="0" covered="1"/><counter type="METHOD" missed="0" covered="1"/></method><method name="isFloat" desc="()Z" line="69"><counter type="INSTRUCTION" missed="0" covered="4"/><counter type="LINE" missed="0" covered="1"/><counter type="COMPLEXITY" missed="0" covered="1"/><counter type="METHOD" missed="0" covered="1"/></method><method name="isDouble" desc="()Z" line="73"><counter type="INSTRUCTION" missed="0" covered="4"/><counter type="LINE" missed="0" covered="1"/><counter type="COMPLEXITY" missed="0" covered="1"/><counter type="METHOD" missed="0" covered="1"/></method><method name="isInteger" desc="()Z" line="77"><counter type="INSTRUCTION" missed="0" covered="4"/><counter type="LINE" missed="0" covered="1"/><counter type="COMPLEXITY" missed="0" covered="1"/><counter type="METHOD" missed="0" covered="1"/></method><method name="isLong" desc="()Z" line="81"><counter type="INSTRUCTION" missed="0" covered="4"/><counter type="LINE" missed="0" covered="1"/><counter type="COMPLEXITY" missed="0" covered="1"/><counter type="METHOD" missed="0" covered="1"/></method><method name="isVariable" desc="()Z" line="85"><counter type="INSTRUCTION" missed="0" covered="4"/><counter type="LINE" missed="0" covered="1"/><counter type="COMPLEXITY" missed="0" covered="1"/><counter type="METHOD" missed="0" covered="1"/></method><method name="isList" desc="()Z" line="89"><counter type="INSTRUCTION" missed="0" covered="4"/><counter type="LINE" missed="0" covered="1"/><counter type="COMPLEXITY" missed="0" covered="1"/><counter type="METHOD" missed="0" covered="1"/></method><method name="isStructure" desc="()Z" line="93"><counter type="INSTRUCTION" missed="0" covered="12"/><counter type="BRANCH" missed="0" covered="4"/><counter type="LINE" missed="0" covered="3"/><counter type="COMPLEXITY" missed="0" covered="3"/><counter type="METHOD" missed="0" covered="1"/></method><method name="isNil" desc="()Z" line="100"><counter type="INSTRUCTION" missed="0" covered="13"/><counter type="BRANCH" missed="0" covered="4"/><counter type="LINE" missed="0" covered="3"/><counter type="COMPLEXITY" missed="0" covered="3"/><counter type="METHOD" missed="0" covered="1"/></method><method name="isEmptyList" desc="()Z" line="107"><counter type="INSTRUCTION" missed="0" covered="4"/><counter type="LINE" missed="0" covered="1"/><counter type="COMPLEXITY" missed="0" covered="1"/><counter type="METHOD" missed="0" covered="1"/></method><method name="isEvaluable" desc="()Z" line="111"><counter type="INSTRUCTION" missed="0" covered="36"/><counter type="BRANCH" missed="0" covered="8"/><counter type="LINE" missed="0" covered="8"/><counter type="COMPLEXITY" missed="0" covered="5"/><counter type="METHOD" missed="0" covered="1"/></method><method name="isAtomic" desc="()Z" line="124"><counter type="INSTRUCTION" missed="0" covered="4"/><counter type="LINE" missed="0" covered="1"/><counter type="COMPLEXITY" missed="0" covered="1"/><counter type="METHOD" missed="0" covered="1"/></method><method name="isCompound" desc="()Z" line="128"><counter type="INSTRUCTION" missed="0" covered="4"/><counter type="LINE" missed="0" covered="1"/><counter type="COMPLEXITY" missed="0" covered="1"/><counter type="METHOD" missed="0" covered="1"/></method><method name="isTrueType" desc="()Z" line="132"><counter type="INSTRUCTION" missed="2" covered="0"/><counter type="LINE" missed="1" covered="0"/><counter type="COMPLEXITY" missed="1" covered="0"/><counter type="METHOD" missed="1" covered="0"/></method><method name="isFalseType" desc="()Z" line="136"><counter type="INSTRUCTION" missed="2" covered="0"/><counter type="LINE" missed="1" covered="0"/><counter type="COMPLEXITY" missed="1" covered="0"/><counter type="METHOD" missed="1" covered="0"/></method><method name="isNullType" desc="()Z" line="140"><counter type="INSTRUCTION" missed="2" covered="0"/><counter type="LINE" missed="1" covered="0"/><counter type="COMPLEXITY" missed="1" covered="0"/><counter type="METHOD" missed="1" covered="0"/></method><method name="isVoidType" desc="()Z" line="144"><counter type="INSTRUCTION" missed="2" covered="0"/><counter type="LINE" missed="1" covered="0"/><counter type="COMPLEXITY" missed="1" covered="0"/><counter type="METHOD" missed="1" covered="0"/></method><method name="isObjectType" desc="()Z" line="148"><counter type="INSTRUCTION" missed="2" covered="0"/><counter type="LINE" missed="1" covered="0"/><counter type="COMPLEXITY" missed="1" covered="0"/><counter type="METHOD" missed="1" covered="0"/></method><method name="isReference" desc="()Z" line="152"><counter type="INSTRUCTION" missed="2" covered="0"/><counter type="LINE" missed="1" covered="0"/><counter type="COMPLEXITY" missed="1" covered="0"/><counter type="METHOD" missed="1" covered="0"/></method><method name="getObject" desc="()Ljava/lang/Object;" line="156"><counter type="INSTRUCTION" missed="2" covered="0"/><counter type="LINE" missed="1" covered="0"/><counter type="COMPLEXITY" missed="1" covered="0"/><counter type="METHOD" missed="1" covered="0"/></method><method name="getTerm" desc="()Lio/github/prolobjectlink/prolog/PrologTerm;" line="160"><counter type="INSTRUCTION" missed="0" covered="7"/><counter type="LINE" missed="0" covered="1"/><counter type="COMPLEXITY" missed="0" covered="1"/><counter type="METHOD" missed="0" covered="1"/></method><method name="unify" desc="(Lio/github/prolobjectlink/prolog/PrologTerm;)Z" line="164"><counter type="INSTRUCTION" missed="0" covered="9"/><counter type="LINE" missed="0" covered="1"/><counter type="COMPLEXITY" missed="0" covered="1"/><counter type="METHOD" missed="0" covered="1"/></method><method name="compareTo" desc="(Lio/github/prolobjectlink/prolog/PrologTerm;)I" line="168"><counter type="INSTRUCTION" missed="0" covered="26"/><counter type="BRANCH" missed="0" covered="6"/><counter type="LINE" missed="0" covered="7"/><counter type="COMPLEXITY" missed="0" covered="4"/><counter type="METHOD" missed="0" covered="1"/></method><method name="hashCode" desc="()I" line="180"><counter type="INSTRUCTION" missed="2" covered="25"/><counter type="BRANCH" missed="1" covered="1"/><counter type="LINE" missed="0" covered="5"/><counter type="COMPLEXITY" missed="1" covered="1"/><counter type="METHOD" missed="0" covered="1"/></method><method name="equals" desc="(Ljava/lang/Object;)Z" line="190"><counter type="INSTRUCTION" missed="11" covered="35"/><counter type="BRANCH" missed="6" covered="8"/><counter type="LINE" missed="5" covered="10"/><counter type="COMPLEXITY" missed="5" covered="3"/><counter type="METHOD" missed="0" covered="1"/></method><method name="toString" desc="()Ljava/lang/String;" line="210"><counter type="INSTRUCTION" missed="0" covered="12"/><counter type="LINE" missed="0" covered="1"/><counter type="COMPLEXITY" missed="0" covered="1"/><counter type="METHOD" missed="0" covered="1"/></method><method name="&lt;clinit&gt;" desc="()V" line="49"><counter type="INSTRUCTION" missed="0" covered="5"/><counter type="LINE" missed="0" covered="1"/><counter type="COMPLEXITY" missed="0" covered="1"/><counter type="METHOD" missed="0" covered="1"/></method><counter type="INSTRUCTION" missed="27" covered="237"/><counter type="BRANCH" missed="7" covered="31"/><counter type="LINE" missed="12" covered="56"/><counter type="COMPLEXITY" missed="13" covered="36"/><counter type="METHOD" missed="7" covered="23"/><counter type="CLASS" missed="0" covered="1"/></class><class name="io/github/prolobjectlink/prolog/tuprolog/TuPrologDouble"><method name="&lt;init&gt;" desc="(Lio/github/prolobjectlink/prolog/PrologProvider;Ljava/lang/Number;)V" line="44"><counter type="INSTRUCTION" missed="0" covered="10"/><counter type="LINE" missed="0" covered="2"/><counter type="COMPLEXITY" missed="0" covered="1"/><counter type="METHOD" missed="0" covered="1"/></method><method name="getPrologInteger" desc="()Lio/github/prolobjectlink/prolog/PrologInteger;" line="48"><counter type="INSTRUCTION" missed="0" covered="9"/><counter type="LINE" missed="0" covered="1"/><counter type="COMPLEXITY" missed="0" covered="1"/><counter type="METHOD" missed="0" covered="1"/></method><method name="getPrologFloat" desc="()Lio/github/prolobjectlink/prolog/PrologFloat;" line="52"><counter type="INSTRUCTION" missed="0" covered="9"/><counter type="LINE" missed="0" covered="1"/><counter type="COMPLEXITY" missed="0" covered="1"/><counter type="METHOD" missed="0" covered="1"/></method><method name="getPrologDouble" desc="()Lio/github/prolobjectlink/prolog/PrologDouble;" line="56"><counter type="INSTRUCTION" missed="0" covered="9"/><counter type="LINE" missed="0" covered="1"/><counter type="COMPLEXITY" missed="0" covered="1"/><counter type="METHOD" missed="0" covered="1"/></method><method name="getPrologLong" desc="()Lio/github/prolobjectlink/prolog/PrologLong;" line="60"><counter type="INSTRUCTION" missed="0" covered="9"/><counter type="LINE" missed="0" covered="1"/><counter type="COMPLEXITY" missed="0" covered="1"/><counter type="METHOD" missed="0" covered="1"/></method><method name="getLongValue" desc="()J" line="64"><counter type="INSTRUCTION" missed="0" covered="5"/><counter type="LINE" missed="0" covered="1"/><counter type="COMPLEXITY" missed="0" covered="1"/><counter type="METHOD" missed="0" covered="1"/></method><method name="getDoubleValue" desc="()D" line="68"><counter type="INSTRUCTION" missed="0" covered="5"/><counter type="LINE" missed="0" covered="1"/><counter type="COMPLEXITY" missed="0" covered="1"/><counter type="METHOD" missed="0" covered="1"/></method><method name="getIntegerValue" desc="()I" line="72"><counter type="INSTRUCTION" missed="0" covered="5"/><counter type="LINE" missed="0" covered="1"/><counter type="COMPLEXITY" missed="0" covered="1"/><counter type="METHOD" missed="0" covered="1"/></method><method name="getFloatValue" desc="()F" line="76"><counter type="INSTRUCTION" missed="0" covered="5"/><counter type="LINE" missed="0" covered="1"/><counter type="COMPLEXITY" missed="0" covered="1"/><counter type="METHOD" missed="0" covered="1"/></method><method name="getArguments" desc="()[Lio/github/prolobjectlink/prolog/PrologTerm;" line="80"><counter type="INSTRUCTION" missed="0" covered="3"/><counter type="LINE" missed="0" covered="1"/><counter type="COMPLEXITY" missed="0" covered="1"/><counter type="METHOD" missed="0" covered="1"/></method><method name="getArity" desc="()I" line="84"><counter type="INSTRUCTION" missed="0" covered="5"/><counter type="LINE" missed="0" covered="1"/><counter type="COMPLEXITY" missed="0" covered="1"/><counter type="METHOD" missed="0" covered="1"/></method><method name="getFunctor" desc="()Ljava/lang/String;" line="88"><counter type="INSTRUCTION" missed="0" covered="5"/><counter type="LINE" missed="0" covered="1"/><counter type="COMPLEXITY" missed="0" covered="1"/><counter type="METHOD" missed="0" covered="1"/></method><counter type="INSTRUCTION" missed="0" covered="79"/><counter type="LINE" missed="0" covered="13"/><counter type="COMPLEXITY" missed="0" covered="12"/><counter type="METHOD" missed="0" covered="12"/><counter type="CLASS" missed="0" covered="1"/></class><class name="io/github/prolobjectlink/prolog/tuprolog/TuPrologList"><method name="&lt;init&gt;" desc="(Lio/github/prolobjectlink/prolog/PrologProvider;)V" line="43"><counter type="INSTRUCTION" missed="0" covered="8"/><counter type="LINE" missed="0" covered="2"/><counter type="COMPLEXITY" missed="0" covered="1"/><counter type="METHOD" missed="0" covered="1"/></method><method name="&lt;init&gt;" desc="(Lio/github/prolobjectlink/prolog/PrologProvider;[Lalice/tuprolog/Term;)V" line="47"><counter type="INSTRUCTION" missed="0" covered="9"/><counter type="LINE" missed="0" covered="2"/><counter type="COMPLEXITY" missed="0" covered="1"/><counter type="METHOD" missed="0" covered="1"/></method><method name="&lt;init&gt;" desc="(Lio/github/prolobjectlink/prolog/PrologProvider;[Lio/github/prolobjectlink/prolog/PrologTerm;)V" line="51"><counter type="INSTRUCTION" missed="0" covered="31"/><counter type="BRANCH" missed="0" covered="2"/><counter type="LINE" missed="0" covered="6"/><counter type="COMPLEXITY" missed="0" covered="2"/><counter type="METHOD" missed="0" covered="1"/></method><method name="&lt;init&gt;" desc="(Lio/github/prolobjectlink/prolog/PrologProvider;Lio/github/prolobjectlink/prolog/PrologTerm;Lio/github/prolobjectlink/prolog/PrologTerm;)V" line="60"><counter type="INSTRUCTION" missed="0" covered="20"/><counter type="LINE" missed="0" covered="5"/><counter type="COMPLEXITY" missed="0" covered="1"/><counter type="METHOD" missed="0" covered="1"/></method><method name="&lt;init&gt;" desc="(Lio/github/prolobjectlink/prolog/PrologProvider;[Lio/github/prolobjectlink/prolog/PrologTerm;Lio/github/prolobjectlink/prolog/PrologTerm;)V" line="67"><counter type="INSTRUCTION" missed="0" covered="31"/><counter type="BRANCH" missed="0" covered="2"/><counter type="LINE" missed="0" covered="5"/><counter type="COMPLEXITY" missed="0" covered="2"/><counter type="METHOD" missed="0" covered="1"/></method><method name="size" desc="()I" line="75"><counter type="INSTRUCTION" missed="0" covered="5"/><counter type="LINE" missed="0" covered="1"/><counter type="COMPLEXITY" missed="0" covered="1"/><counter type="METHOD" missed="0" covered="1"/></method><method name="clear" desc="()V" line="79"><counter type="INSTRUCTION" missed="0" covered="6"/><counter type="LINE" missed="0" covered="2"/><counter type="COMPLEXITY" missed="0" covered="1"/><counter type="METHOD" missed="0" covered="1"/></method><method name="isEmpty" desc="()Z" line="83"><counter type="INSTRUCTION" missed="0" covered="5"/><counter type="LINE" missed="0" covered="1"/><counter type="COMPLEXITY" missed="0" covered="1"/><counter type="METHOD" missed="0" covered="1"/></method><method name="iterator" desc="()Ljava/util/Iterator;" line="87"><counter type="INSTRUCTION" missed="0" covered="11"/><counter type="LINE" missed="0" covered="2"/><counter type="COMPLEXITY" missed="0" covered="1"/><counter type="METHOD" missed="0" covered="1"/></method><method name="getHead" desc="()Lio/github/prolobjectlink/prolog/PrologTerm;" line="92"><counter type="INSTRUCTION" missed="0" covered="10"/><counter type="LINE" missed="0" covered="2"/><counter type="COMPLEXITY" missed="0" covered="1"/><counter type="METHOD" missed="0" covered="1"/></method><method name="getTail" desc="()Lio/github/prolobjectlink/prolog/PrologTerm;" line="97"><counter type="INSTRUCTION" missed="0" covered="10"/><counter type="LINE" missed="0" covered="2"/><counter type="COMPLEXITY" missed="0" covered="1"/><counter type="METHOD" missed="0" covered="1"/></method><method name="getArity" desc="()I" line="102"><counter type="INSTRUCTION" missed="0" covered="7"/><counter type="LINE" missed="0" covered="2"/><counter type="COMPLEXITY" missed="0" covered="1"/><counter type="METHOD" missed="0" covered="1"/></method><method name="getFunctor" desc="()Ljava/lang/String;" line="107"><counter type="INSTRUCTION" missed="0" covered="7"/><counter type="LINE" missed="0" covered="2"/><counter type="COMPLEXITY" missed="0" covered="1"/><counter type="METHOD" missed="0" covered="1"/></method><method name="getArguments" desc="()[Lio/github/prolobjectlink/prolog/PrologTerm;" line="112"><counter type="INSTRUCTION" missed="0" covered="31"/><counter type="BRANCH" missed="0" covered="2"/><counter type="LINE" missed="0" covered="9"/><counter type="COMPLEXITY" missed="0" covered="2"/><counter type="METHOD" missed="0" covered="1"/></method><counter type="INSTRUCTION" missed="0" covered="191"/><counter type="BRANCH" missed="0" covered="6"/><counter type="LINE" missed="0" covered="43"/><counter type="COMPLEXITY" missed="0" covered="17"/><counter type="METHOD" missed="0" covered="14"/><counter type="CLASS" missed="0" covered="1"/></class><class name="io/github/prolobjectlink/prolog/tuprolog/TuPrologConsole"><method name="&lt;init&gt;" desc="()V" line="35"><counter type="INSTRUCTION" missed="0" covered="6"/><counter type="LINE" missed="0" covered="2"/><counter type="COMPLEXITY" missed="0" covered="1"/><counter type="METHOD" missed="0" covered="1"/></method><method name="main" desc="([Ljava/lang/String;)V" line="39"><counter type="INSTRUCTION" missed="6" covered="0"/><counter type="LINE" missed="2" covered="0"/><counter type="COMPLEXITY" missed="1" covered="0"/><counter type="METHOD" missed="1" covered="0"/></method><counter type="INSTRUCTION" missed="6" covered="6"/><counter type="LINE" missed="2" covered="2"/><counter type="COMPLEXITY" missed="1" covered="1"/><counter type="METHOD" missed="1" covered="1"/><counter type="CLASS" missed="0" covered="1"/></class><class name="io/github/prolobjectlink/prolog/tuprolog/TuPrologScriptFactory"><method name="&lt;init&gt;" desc="()V" line="34"><counter type="INSTRUCTION" missed="0" covered="7"/><counter type="LINE" missed="0" covered="2"/><counter type="COMPLEXITY" missed="0" covered="1"/><counter type="METHOD" missed="0" covered="1"/></method><method name="getMethodCallSyntax" desc="(Ljava/lang/String;Ljava/lang/String;[Ljava/lang/String;)Ljava/lang/String;" line="38"><counter type="INSTRUCTION" missed="0" covered="61"/><counter type="BRANCH" missed="0" covered="6"/><counter type="LINE" missed="0" covered="11"/><counter type="COMPLEXITY" missed="0" covered="4"/><counter type="METHOD" missed="0" covered="1"/></method><counter type="INSTRUCTION" missed="0" covered="68"/><counter type="BRANCH" missed="0" covered="6"/><counter type="LINE" missed="0" covered="13"/><counter type="COMPLEXITY" missed="0" covered="5"/><counter type="METHOD" missed="0" covered="2"/><counter type="CLASS" missed="0" covered="1"/></class><class name="io/github/prolobjectlink/prolog/tuprolog/TuPrologConverter"><method name="&lt;init&gt;" desc="()V" line="66"><counter type="INSTRUCTION" missed="0" covered="3"/><counter type="LINE" missed="0" covered="1"/><counter type="COMPLEXITY" missed="0" covered="1"/><counter type="METHOD" missed="0" covered="1"/></method><method name="toTerm" desc="(Lalice/tuprolog/Term;)Lio/github/prolobjectlink/prolog/PrologTerm;" line="71"><counter type="INSTRUCTION" missed="5" covered="244"/><counter type="BRANCH" missed="1" covered="37"/><counter type="LINE" missed="1" covered="50"/><counter type="COMPLEXITY" missed="1" covered="19"/><counter type="METHOD" missed="0" covered="1"/></method><method name="fromTerm" desc="(Lio/github/prolobjectlink/prolog/PrologTerm;)Lalice/tuprolog/Term;" line="148"><counter type="INSTRUCTION" missed="5" covered="108"/><counter type="BRANCH" missed="1" covered="15"/><counter type="LINE" missed="1" covered="21"/><counter type="COMPLEXITY" missed="1" covered="14"/><counter type="METHOD" missed="0" covered="1"/></method><method name="fromTermArray" desc="([Lio/github/prolobjectlink/prolog/PrologTerm;)[Lalice/tuprolog/Term;" line="189"><counter type="INSTRUCTION" missed="0" covered="22"/><counter type="BRANCH" missed="0" covered="2"/><counter type="LINE" missed="0" covered="4"/><counter type="COMPLEXITY" missed="0" covered="2"/><counter type="METHOD" missed="0" covered="1"/></method><method name="fromTerm" desc="(Lio/github/prolobjectlink/prolog/PrologTerm;[Lio/github/prolobjectlink/prolog/PrologTerm;)Lalice/tuprolog/Term;" line="197"><counter type="INSTRUCTION" missed="0" covered="55"/><counter type="BRANCH" missed="0" covered="6"/><counter type="LINE" missed="0" covered="7"/><counter type="COMPLEXITY" missed="0" covered="4"/><counter type="METHOD" missed="0" covered="1"/></method><method name="createProvider" desc="()Lio/github/prolobjectlink/prolog/PrologProvider;" line="209"><counter type="INSTRUCTION" missed="0" covered="5"/><counter type="LINE" missed="0" covered="1"/><counter type="COMPLEXITY" missed="0" covered="1"/><counter type="METHOD" missed="0" covered="1"/></method><method name="toString" desc="()Ljava/lang/String;" line="214"><counter type="INSTRUCTION" missed="0" covered="2"/><counter type="LINE" missed="0" covered="1"/><counter type="COMPLEXITY" missed="0" covered="1"/><counter type="METHOD" missed="0" covered="1"/></method><method name="&lt;clinit&gt;" desc="()V" line="68"><counter type="INSTRUCTION" missed="0" covered="5"/><counter type="LINE" missed="0" covered="1"/><counter type="COMPLEXITY" missed="0" covered="1"/><counter type="METHOD" missed="0" covered="1"/></method><counter type="INSTRUCTION" missed="10" covered="444"/><counter type="BRANCH" missed="2" covered="60"/><counter type="LINE" missed="2" covered="86"/><counter type="COMPLEXITY" missed="2" covered="43"/><counter type="METHOD" missed="0" covered="8"/><counter type="CLASS" missed="0" covered="1"/></class><class name="io/github/prolobjectlink/prolog/tuprolog/TuPrologCut"><method name="&lt;init&gt;" desc="(Lio/github/prolobjectlink/prolog/PrologProvider;)V" line="38"><counter type="INSTRUCTION" missed="0" covered="9"/><counter type="LINE" missed="0" covered="2"/><counter type="COMPLEXITY" missed="0" covered="1"/><counter type="METHOD" missed="0" covered="1"/></method><method name="getArguments" desc="()[Lio/github/prolobjectlink/prolog/PrologTerm;" line="42"><counter type="INSTRUCTION" missed="0" covered="3"/><counter type="LINE" missed="0" covered="1"/><counter type="COMPLEXITY" missed="0" covered="1"/><counter type="METHOD" missed="0" covered="1"/></method><method name="getArity" desc="()I" line="46"><counter type="INSTRUCTION" missed="0" covered="2"/><counter type="LINE" missed="0" covered="1"/><counter type="COMPLEXITY" missed="0" covered="1"/><counter type="METHOD" missed="0" covered="1"/></method><method name="getFunctor" desc="()Ljava/lang/String;" line="50"><counter type="INSTRUCTION" missed="0" covered="12"/><counter type="LINE" missed="0" covered="1"/><counter type="COMPLEXITY" missed="0" covered="1"/><counter type="METHOD" missed="0" covered="1"/></method><counter type="INSTRUCTION" missed="0" covered="26"/><counter type="LINE" missed="0" covered="5"/><counter type="COMPLEXITY" missed="0" covered="4"/><counter type="METHOD" missed="0" covered="4"/><counter type="CLASS" missed="0" covered="1"/></class><class name="io/github/prolobjectlink/prolog/tuprolog/TuPrologClause"><method name="&lt;init&gt;" desc="(Lio/github/prolobjectlink/prolog/PrologProvider;Lio/github/prolobjectlink/prolog/PrologTerm;ZZZ)V" line="41"><counter type="INSTRUCTION" missed="0" covered="17"/><counter type="LINE" missed="0" covered="3"/><counter type="COMPLEXITY" missed="0" covered="1"/><counter type="METHOD" missed="0" covered="1"/></method><method name="&lt;init&gt;" desc="(Lio/github/prolobjectlink/prolog/PrologProvider;Lio/github/prolobjectlink/prolog/PrologTerm;Lio/github/prolobjectlink/prolog/PrologTerm;ZZZ)V" line="47"><counter type="INSTRUCTION" missed="0" covered="18"/><counter type="LINE" missed="0" covered="3"/><counter type="COMPLEXITY" missed="0" covered="1"/><counter type="METHOD" missed="0" covered="1"/></method><method name="getPrologIndicator" desc="()Lio/github/prolobjectlink/prolog/PrologIndicator;" line="52"><counter type="INSTRUCTION" missed="0" covered="3"/><counter type="LINE" missed="0" covered="1"/><counter type="COMPLEXITY" missed="0" covered="1"/><counter type="METHOD" missed="0" covered="1"/></method><counter type="INSTRUCTION" missed="0" covered="38"/><counter type="LINE" missed="0" covered="7"/><counter type="COMPLEXITY" missed="0" covered="3"/><counter type="METHOD" missed="0" covered="3"/><counter type="CLASS" missed="0" covered="1"/></class><class name="io/github/prolobjectlink/prolog/tuprolog/TuPrologFormatter"><method name="&lt;init&gt;" desc="()V" line="37"><counter type="INSTRUCTION" missed="0" covered="3"/><counter type="LINE" missed="0" covered="1"/><counter type="COMPLEXITY" missed="0" covered="1"/><counter type="METHOD" missed="0" covered="1"/></method><method name="format" desc="(Ljava/util/logging/LogRecord;)Ljava/lang/String;" line="47"><counter type="INSTRUCTION" missed="182" covered="0"/><counter type="BRANCH" missed="18" covered="0"/><counter type="LINE" missed="43" covered="0"/><counter type="COMPLEXITY" missed="10" covered="0"/><counter type="METHOD" missed="1" covered="0"/></method><counter type="INSTRUCTION" missed="182" covered="3"/><counter type="BRANCH" missed="18" covered="0"/><counter type="LINE" missed="43" covered="1"/><counter type="COMPLEXITY" missed="10" covered="1"/><counter type="METHOD" missed="1" covered="1"/><counter type="CLASS" missed="0" covered="1"/></class><class name="io/github/prolobjectlink/prolog/tuprolog/TuPrologFail"><method name="&lt;init&gt;" desc="(Lio/github/prolobjectlink/prolog/PrologProvider;)V" line="38"><counter type="INSTRUCTION" missed="0" covered="9"/><counter type="LINE" missed="0" covered="2"/><counter type="COMPLEXITY" missed="0" covered="1"/><counter type="METHOD" missed="0" covered="1"/></method><method name="getArguments" desc="()[Lio/github/prolobjectlink/prolog/PrologTerm;" line="42"><counter type="INSTRUCTION" missed="0" covered="3"/><counter type="LINE" missed="0" covered="1"/><counter type="COMPLEXITY" missed="0" covered="1"/><counter type="METHOD" missed="0" covered="1"/></method><method name="getArity" desc="()I" line="46"><counter type="INSTRUCTION" missed="0" covered="2"/><counter type="LINE" missed="0" covered="1"/><counter type="COMPLEXITY" missed="0" covered="1"/><counter type="METHOD" missed="0" covered="1"/></method><method name="getFunctor" desc="()Ljava/lang/String;" line="50"><counter type="INSTRUCTION" missed="0" covered="12"/><counter type="LINE" missed="0" covered="1"/><counter type="COMPLEXITY" missed="0" covered="1"/><counter type="METHOD" missed="0" covered="1"/></method><counter type="INSTRUCTION" missed="0" covered="26"/><counter type="LINE" missed="0" covered="5"/><counter type="COMPLEXITY" missed="0" covered="4"/><counter type="METHOD" missed="0" covered="4"/><counter type="CLASS" missed="0" covered="1"/></class><class name="io/github/prolobjectlink/prolog/tuprolog/TuPrologEngine"><method name="&lt;init&gt;" desc="(Lio/github/prolobjectlink/prolog/PrologProvider;Lalice/tuprolog/Prolog;)V" line="76"><counter type="INSTRUCTION" missed="0" covered="7"/><counter type="LINE" missed="0" covered="3"/><counter type="COMPLEXITY" missed="0" covered="1"/><counter type="METHOD" missed="0" covered="1"/></method><method name="consult" desc="(Ljava/lang/String;)V" line="82"><counter type="INSTRUCTION" missed="73" covered="14"/><counter type="LINE" missed="8" covered="4"/><counter type="COMPLEXITY" missed="0" covered="1"/><counter type="METHOD" missed="0" covered="1"/></method><method name="consult" desc="(Ljava/io/Reader;)V" line="96"><counter type="INSTRUCTION" missed="75" covered="0"/><counter type="BRANCH" missed="2" covered="0"/><counter type="LINE" missed="14" covered="0"/><counter type="COMPLEXITY" missed="2" covered="0"/><counter type="METHOD" missed="1" covered="0"/></method><method name="include" desc="(Ljava/lang/String;)V" line="114"><counter type="INSTRUCTION" missed="47" covered="17"/><counter type="LINE" missed="6" covered="4"/><counter type="COMPLEXITY" missed="0" covered="1"/><counter type="METHOD" missed="0" covered="1"/></method><method name="include" desc="(Ljava/io/Reader;)V" line="127"><counter type="INSTRUCTION" missed="31" covered="49"/><counter type="BRANCH" missed="0" covered="2"/><counter type="LINE" missed="4" covered="11"/><counter type="COMPLEXITY" missed="0" covered="2"/><counter type="METHOD" missed="0" covered="1"/></method><method name="persist" desc="(Ljava/lang/String;)V" line="146"><counter type="INSTRUCTION" missed="40" covered="20"/><counter type="BRANCH" missed="5" covered="1"/><counter type="LINE" missed="3" covered="6"/><counter type="COMPLEXITY" missed="3" covered="1"/><counter type="METHOD" missed="0" covered="1"/></method><method name="abolish" desc="(Ljava/lang/String;I)V" line="161"><counter type="INSTRUCTION" missed="0" covered="20"/><counter type="LINE" missed="0" covered="3"/><counter type="COMPLEXITY" missed="0" covered="1"/><counter type="METHOD" missed="0" covered="1"/></method><method name="asserta" desc="(Ljava/lang/String;)V" line="166"><counter type="INSTRUCTION" missed="0" covered="19"/><counter type="BRANCH" missed="1" covered="3"/><counter type="LINE" missed="0" covered="4"/><counter type="COMPLEXITY" missed="1" covered="2"/><counter type="METHOD" missed="0" covered="1"/></method><method name="asserta" desc="(Lio/github/prolobjectlink/prolog/PrologTerm;)V" line="173"><counter type="INSTRUCTION" missed="0" covered="21"/><counter type="BRANCH" missed="1" covered="3"/><counter type="LINE" missed="0" covered="4"/><counter type="COMPLEXITY" missed="1" covered="2"/><counter type="METHOD" missed="0" covered="1"/></method><method name="asserta" desc="(Lio/github/prolobjectlink/prolog/PrologTerm;[Lio/github/prolobjectlink/prolog/PrologTerm;)V" line="180"><counter type="INSTRUCTION" missed="5" covered="32"/><counter type="BRANCH" missed="5" covered="5"/><counter type="LINE" missed="0" covered="5"/><counter type="COMPLEXITY" missed="4" covered="2"/><counter type="METHOD" missed="0" covered="1"/></method><method name="assertz" desc="(Ljava/lang/String;)V" line="188"><counter type="INSTRUCTION" missed="0" covered="19"/><counter type="BRANCH" missed="1" covered="3"/><counter type="LINE" missed="0" covered="4"/><counter type="COMPLEXITY" missed="1" covered="2"/><counter type="METHOD" missed="0" covered="1"/></method><method name="assertz" desc="(Lio/github/prolobjectlink/prolog/PrologTerm;)V" line="195"><counter type="INSTRUCTION" missed="0" covered="21"/><counter type="BRANCH" missed="1" covered="3"/><counter type="LINE" missed="0" covered="4"/><counter type="COMPLEXITY" missed="1" covered="2"/><counter type="METHOD" missed="0" covered="1"/></method><method name="assertz" desc="(Lio/github/prolobjectlink/prolog/PrologTerm;[Lio/github/prolobjectlink/prolog/PrologTerm;)V" line="202"><counter type="INSTRUCTION" missed="5" covered="32"/><counter type="BRANCH" missed="5" covered="5"/><counter type="LINE" missed="0" covered="5"/><counter type="COMPLEXITY" missed="4" covered="2"/><counter type="METHOD" missed="0" covered="1"/></method><method name="clause" desc="(Ljava/lang/String;)Z" line="210"><counter type="INSTRUCTION" missed="8" covered="36"/><counter type="BRANCH" missed="0" covered="4"/><counter type="LINE" missed="2" covered="11"/><counter type="COMPLEXITY" missed="0" covered="3"/><counter type="METHOD" missed="0" covered="1"/></method><method name="clause" desc="(Lio/github/prolobjectlink/prolog/PrologTerm;)Z" line="228"><counter type="INSTRUCTION" missed="8" covered="37"/><counter type="BRANCH" missed="0" covered="4"/><counter type="LINE" missed="2" covered="10"/><counter type="COMPLEXITY" missed="0" covered="3"/><counter type="METHOD" missed="0" covered="1"/></method><method name="clause" desc="(Lio/github/prolobjectlink/prolog/PrologTerm;[Lio/github/prolobjectlink/prolog/PrologTerm;)Z" line="245"><counter type="INSTRUCTION" missed="8" covered="38"/><counter type="BRANCH" missed="0" covered="4"/><counter type="LINE" missed="2" covered="10"/><counter type="COMPLEXITY" missed="0" covered="3"/><counter type="METHOD" missed="0" covered="1"/></method><method name="retract" desc="(Ljava/lang/String;)V" line="263"><counter type="INSTRUCTION" missed="7" covered="16"/><counter type="LINE" missed="2" covered="3"/><counter type="COMPLEXITY" missed="0" covered="1"/><counter type="METHOD" missed="0" covered="1"/></method><method name="retract" desc="(Lio/github/prolobjectlink/prolog/PrologTerm;)V" line="270"><counter type="INSTRUCTION" missed="0" covered="16"/><counter type="LINE" missed="0" covered="2"/><counter type="COMPLEXITY" missed="0" covered="1"/><counter type="METHOD" missed="0" covered="1"/></method><method name="retract" desc="(Lio/github/prolobjectlink/prolog/PrologTerm;[Lio/github/prolobjectlink/prolog/PrologTerm;)V" line="274"><counter type="INSTRUCTION" missed="0" covered="17"/><counter type="LINE" missed="0" covered="2"/><counter type="COMPLEXITY" missed="0" covered="1"/><counter type="METHOD" missed="0" covered="1"/></method><method name="query" desc="(Ljava/lang/String;)Lio/github/prolobjectlink/prolog/PrologQuery;" line="278"><counter type="INSTRUCTION" missed="0" covered="6"/><counter type="LINE" missed="0" covered="1"/><counter type="COMPLEXITY" missed="0" covered="1"/><counter type="METHOD" missed="0" covered="1"/></method><method name="query" desc="(Lio/github/prolobjectlink/prolog/PrologTerm;)Lio/github/prolobjectlink/prolog/PrologQuery;" line="282"><counter type="INSTRUCTION" missed="0" covered="6"/><counter type="LINE" missed="0" covered="1"/><counter type="COMPLEXITY" missed="0" covered="1"/><counter type="METHOD" missed="0" covered="1"/></method><method name="query" desc="([Lio/github/prolobjectlink/prolog/PrologTerm;)Lio/github/prolobjectlink/prolog/PrologQuery;" line="286"><counter type="INSTRUCTION" missed="6" covered="0"/><counter type="LINE" missed="1" covered="0"/><counter type="COMPLEXITY" missed="1" covered="0"/><counter type="METHOD" missed="1" covered="0"/></method><method name="query" desc="(Lio/github/prolobjectlink/prolog/PrologTerm;[Lio/github/prolobjectlink/prolog/PrologTerm;)Lio/github/prolobjectlink/prolog/PrologQuery;" line="290"><counter type="INSTRUCTION" missed="0" covered="7"/><counter type="LINE" missed="0" covered="1"/><counter type="COMPLEXITY" missed="0" covered="1"/><counter type="METHOD" missed="0" covered="1"/></method><method name="operator" desc="(ILjava/lang/String;Ljava/lang/String;)V" line="294"><counter type="INSTRUCTION" missed="0" covered="8"/><counter type="LINE" missed="0" covered="2"/><counter type="COMPLEXITY" missed="0" covered="1"/><counter type="METHOD" missed="0" covered="1"/></method><method name="currentPredicate" desc="(Ljava/lang/String;I)Z" line="298"><counter type="INSTRUCTION" missed="0" covered="15"/><counter type="LINE" missed="0" covered="3"/><counter type="COMPLEXITY" missed="0" covered="1"/><counter type="METHOD" missed="0" covered="1"/></method><method name="currentOperator" desc="(ILjava/lang/String;Ljava/lang/String;)Z" line="304"><counter type="INSTRUCTION" missed="0" covered="12"/><counter type="BRANCH" missed="0" covered="2"/><counter type="LINE" missed="0" covered="1"/><counter type="COMPLEXITY" missed="0" covered="2"/><counter type="METHOD" missed="0" covered="1"/></method><method name="currentOperators" desc="()Ljava/util/Set;" line="308"><counter type="INSTRUCTION" missed="0" covered="44"/><counter type="BRANCH" missed="0" covered="2"/><counter type="LINE" missed="0" covered="10"/><counter type="COMPLEXITY" missed="0" covered="2"/><counter type="METHOD" missed="0" covered="1"/></method><method name="iterator" desc="()Ljava/util/Iterator;" line="321"><counter type="INSTRUCTION" missed="0" covered="90"/><counter type="BRANCH" missed="2" covered="6"/><counter type="LINE" missed="0" covered="15"/><counter type="COMPLEXITY" missed="2" covered="3"/><counter type="METHOD" missed="0" covered="1"/></method><method name="getProgramSize" desc="()I" line="341"><counter type="INSTRUCTION" missed="0" covered="19"/><counter type="BRANCH" missed="0" covered="2"/><counter type="LINE" missed="0" covered="6"/><counter type="COMPLEXITY" missed="0" covered="2"/><counter type="METHOD" missed="0" covered="1"/></method><method name="getPredicates" desc="()Ljava/util/Set;" line="351"><counter type="INSTRUCTION" missed="8" covered="87"/><counter type="BRANCH" missed="3" covered="7"/><counter type="LINE" missed="2" covered="24"/><counter type="COMPLEXITY" missed="3" covered="3"/><counter type="METHOD" missed="0" covered="1"/></method><method name="getBuiltIns" desc="()Ljava/util/Set;" line="385"><counter type="INSTRUCTION" missed="0" covered="86"/><counter type="BRANCH" missed="0" covered="6"/><counter type="LINE" missed="0" covered="15"/><counter type="COMPLEXITY" missed="0" covered="4"/><counter type="METHOD" missed="0" covered="1"/></method><method name="getLicense" desc="()Ljava/lang/String;" line="404"><counter type="INSTRUCTION" missed="0" covered="2"/><counter type="LINE" missed="0" covered="1"/><counter type="COMPLEXITY" missed="0" covered="1"/><counter type="METHOD" missed="0" covered="1"/></method><method name="getVersion" desc="()Ljava/lang/String;" line="408"><counter type="INSTRUCTION" missed="0" covered="2"/><counter type="LINE" missed="0" covered="1"/><counter type="COMPLEXITY" missed="0" covered="1"/><counter type="METHOD" missed="0" covered="1"/></method><method name="getName" desc="()Ljava/lang/String;" line="412"><counter type="INSTRUCTION" missed="0" covered="2"/><counter type="LINE" missed="0" covered="1"/><counter type="COMPLEXITY" missed="0" covered="1"/><counter type="METHOD" missed="0" covered="1"/></method><method name="hashCode" desc="()I" line="417"><counter type="INSTRUCTION" missed="2" covered="17"/><counter type="BRANCH" missed="1" covered="1"/><counter type="LINE" missed="0" covered="4"/><counter type="COMPLEXITY" missed="1" covered="1"/><counter type="METHOD" missed="0" covered="1"/></method><method name="equals" desc="(Ljava/lang/Object;)Z" line="425"><counter type="INSTRUCTION" missed="5" covered="24"/><counter type="BRANCH" missed="4" covered="6"/><counter type="LINE" missed="2" covered="6"/><counter type="COMPLEXITY" missed="4" covered="2"/><counter type="METHOD" missed="0" covered="1"/></method><method name="dispose" desc="()V" line="438"><counter type="INSTRUCTION" missed="0" covered="7"/><counter type="BRANCH" missed="1" covered="1"/><counter type="LINE" missed="0" covered="3"/><counter type="COMPLEXITY" missed="1" covered="1"/><counter type="METHOD" missed="0" covered="1"/></method><method name="verify" desc="()Ljava/util/List;" line="444"><counter type="INSTRUCTION" missed="8" covered="0"/><counter type="LINE" missed="1" covered="0"/><counter type="COMPLEXITY" missed="1" covered="0"/><counter type="METHOD" missed="1" covered="0"/></method><counter type="INSTRUCTION" missed="336" covered="865"/><counter type="BRANCH" missed="32" covered="70"/><counter type="LINE" missed="49" covered="190"/><counter type="COMPLEXITY" missed="30" covered="59"/><counter type="METHOD" missed="3" covered="35"/><counter type="CLASS" missed="0" covered="1"/></class><class name="io/github/prolobjectlink/prolog/tuprolog/TuPrologFloat"><method name="&lt;init&gt;" desc="(Lio/github/prolobjectlink/prolog/PrologProvider;Ljava/lang/Number;)V" line="44"><counter type="INSTRUCTION" missed="0" covered="10"/><counter type="LINE" missed="0" covered="2"/><counter type="COMPLEXITY" missed="0" covered="1"/><counter type="METHOD" missed="0" covered="1"/></method><method name="getPrologInteger" desc="()Lio/github/prolobjectlink/prolog/PrologInteger;" line="48"><counter type="INSTRUCTION" missed="0" covered="9"/><counter type="LINE" missed="0" covered="1"/><counter type="COMPLEXITY" missed="0" covered="1"/><counter type="METHOD" missed="0" covered="1"/></method><method name="getPrologFloat" desc="()Lio/github/prolobjectlink/prolog/PrologFloat;" line="52"><counter type="INSTRUCTION" missed="0" covered="9"/><counter type="LINE" missed="0" covered="1"/><counter type="COMPLEXITY" missed="0" covered="1"/><counter type="METHOD" missed="0" covered="1"/></method><method name="getPrologDouble" desc="()Lio/github/prolobjectlink/prolog/PrologDouble;" line="56"><counter type="INSTRUCTION" missed="0" covered="9"/><counter type="LINE" missed="0" covered="1"/><counter type="COMPLEXITY" missed="0" covered="1"/><counter type="METHOD" missed="0" covered="1"/></method><method name="getPrologLong" desc="()Lio/github/prolobjectlink/prolog/PrologLong;" line="60"><counter type="INSTRUCTION" missed="0" covered="9"/><counter type="LINE" missed="0" covered="1"/><counter type="COMPLEXITY" missed="0" covered="1"/><counter type="METHOD" missed="0" covered="1"/></method><method name="getLongValue" desc="()J" line="64"><counter type="INSTRUCTION" missed="0" covered="5"/><counter type="LINE" missed="0" covered="1"/><counter type="COMPLEXITY" missed="0" covered="1"/><counter type="METHOD" missed="0" covered="1"/></method><method name="getDoubleValue" desc="()D" line="68"><counter type="INSTRUCTION" missed="0" covered="5"/><counter type="LINE" missed="0" covered="1"/><counter type="COMPLEXITY" missed="0" covered="1"/><counter type="METHOD" missed="0" covered="1"/></method><method name="getIntegerValue" desc="()I" line="72"><counter type="INSTRUCTION" missed="0" covered="5"/><counter type="LINE" missed="0" covered="1"/><counter type="COMPLEXITY" missed="0" covered="1"/><counter type="METHOD" missed="0" covered="1"/></method><method name="getFloatValue" desc="()F" line="76"><counter type="INSTRUCTION" missed="0" covered="5"/><counter type="LINE" missed="0" covered="1"/><counter type="COMPLEXITY" missed="0" covered="1"/><counter type="METHOD" missed="0" covered="1"/></method><method name="getArguments" desc="()[Lio/github/prolobjectlink/prolog/PrologTerm;" line="80"><counter type="INSTRUCTION" missed="0" covered="3"/><counter type="LINE" missed="0" covered="1"/><counter type="COMPLEXITY" missed="0" covered="1"/><counter type="METHOD" missed="0" covered="1"/></method><method name="getArity" desc="()I" line="84"><counter type="INSTRUCTION" missed="0" covered="5"/><counter type="LINE" missed="0" covered="1"/><counter type="COMPLEXITY" missed="0" covered="1"/><counter type="METHOD" missed="0" covered="1"/></method><method name="getFunctor" desc="()Ljava/lang/String;" line="88"><counter type="INSTRUCTION" missed="0" covered="5"/><counter type="LINE" missed="0" covered="1"/><counter type="COMPLEXITY" missed="0" covered="1"/><counter type="METHOD" missed="0" covered="1"/></method><counter type="INSTRUCTION" missed="0" covered="79"/><counter type="LINE" missed="0" covered="13"/><counter type="COMPLEXITY" missed="0" covered="12"/><counter type="METHOD" missed="0" covered="12"/><counter type="CLASS" missed="0" covered="1"/></class><class name="io/github/prolobjectlink/prolog/tuprolog/TuPrologTrue"><method name="&lt;init&gt;" desc="(Lio/github/prolobjectlink/prolog/PrologProvider;)V" line="38"><counter type="INSTRUCTION" missed="0" covered="6"/><counter type="LINE" missed="0" covered="2"/><counter type="COMPLEXITY" missed="0" covered="1"/><counter type="METHOD" missed="0" covered="1"/></method><method name="getArguments" desc="()[Lio/github/prolobjectlink/prolog/PrologTerm;" line="42"><counter type="INSTRUCTION" missed="0" covered="3"/><counter type="LINE" missed="0" covered="1"/><counter type="COMPLEXITY" missed="0" covered="1"/><counter type="METHOD" missed="0" covered="1"/></method><method name="getArity" desc="()I" line="46"><counter type="INSTRUCTION" missed="0" covered="2"/><counter type="LINE" missed="0" covered="1"/><counter type="COMPLEXITY" missed="0" covered="1"/><counter type="METHOD" missed="0" covered="1"/></method><method name="getFunctor" desc="()Ljava/lang/String;" line="50"><counter type="INSTRUCTION" missed="0" covered="12"/><counter type="LINE" missed="0" covered="1"/><counter type="COMPLEXITY" missed="0" covered="1"/><counter type="METHOD" missed="0" covered="1"/></method><counter type="INSTRUCTION" missed="0" covered="23"/><counter type="LINE" missed="0" covered="5"/><counter type="COMPLEXITY" missed="0" covered="4"/><counter type="METHOD" missed="0" covered="4"/><counter type="CLASS" missed="0" covered="1"/></class><class name="io/github/prolobjectlink/prolog/tuprolog/TuPrologEmpty"><method name="&lt;init&gt;" desc="(Lio/github/prolobjectlink/prolog/PrologProvider;)V" line="37"><counter type="INSTRUCTION" missed="0" covered="4"/><counter type="LINE" missed="0" covered="2"/><counter type="COMPLEXITY" missed="0" covered="1"/><counter type="METHOD" missed="0" covered="1"/></method><method name="getArguments" desc="()[Lio/github/prolobjectlink/prolog/PrologTerm;" line="42"><counter type="INSTRUCTION" missed="0" covered="3"/><counter type="LINE" missed="0" covered="1"/><counter type="COMPLEXITY" missed="0" covered="1"/><counter type="METHOD" missed="0" covered="1"/></method><method name="getArity" desc="()I" line="47"><counter type="INSTRUCTION" missed="0" covered="5"/><counter type="LINE" missed="0" covered="1"/><counter type="COMPLEXITY" missed="0" covered="1"/><counter type="METHOD" missed="0" covered="1"/></method><method name="getFunctor" desc="()Ljava/lang/String;" line="52"><counter type="INSTRUCTION" missed="0" covered="5"/><counter type="LINE" missed="0" covered="1"/><counter type="COMPLEXITY" missed="0" covered="1"/><counter type="METHOD" missed="0" covered="1"/></method><counter type="INSTRUCTION" missed="0" covered="17"/><counter type="LINE" missed="0" covered="5"/><counter type="COMPLEXITY" missed="0" covered="4"/><counter type="METHOD" missed="0" covered="4"/><counter type="CLASS" missed="0" covered="1"/></class><class name="io/github/prolobjectlink/prolog/tuprolog/TuPrologAtom"><method name="&lt;init&gt;" desc="(Lio/github/prolobjectlink/prolog/PrologProvider;Ljava/lang/String;)V" line="39"><counter type="INSTRUCTION" missed="0" covered="9"/><counter type="LINE" missed="0" covered="2"/><counter type="COMPLEXITY" missed="0" covered="1"/><counter type="METHOD" missed="0" covered="1"/></method><method name="getStringValue" desc="()Ljava/lang/String;" line="43"><counter type="INSTRUCTION" missed="0" covered="3"/><counter type="LINE" missed="0" covered="1"/><counter type="COMPLEXITY" missed="0" covered="1"/><counter type="METHOD" missed="0" covered="1"/></method><method name="setStringValue" desc="(Ljava/lang/String;)V" line="47"><counter type="INSTRUCTION" missed="0" covered="7"/><counter type="LINE" missed="0" covered="2"/><counter type="COMPLEXITY" missed="0" covered="1"/><counter type="METHOD" missed="0" covered="1"/></method><method name="getArguments" desc="()[Lio/github/prolobjectlink/prolog/PrologTerm;" line="51"><counter type="INSTRUCTION" missed="0" covered="3"/><counter type="LINE" missed="0" covered="1"/><counter type="COMPLEXITY" missed="0" covered="1"/><counter type="METHOD" missed="0" covered="1"/></method><method name="getArity" desc="()I" line="55"><counter type="INSTRUCTION" missed="0" covered="2"/><counter type="LINE" missed="0" covered="1"/><counter type="COMPLEXITY" missed="0" covered="1"/><counter type="METHOD" missed="0" covered="1"/></method><method name="getFunctor" desc="()Ljava/lang/String;" line="59"><counter type="INSTRUCTION" missed="0" covered="12"/><counter type="LINE" missed="0" covered="1"/><counter type="COMPLEXITY" missed="0" covered="1"/><counter type="METHOD" missed="0" covered="1"/></method><counter type="INSTRUCTION" missed="0" covered="36"/><counter type="LINE" missed="0" covered="8"/><counter type="COMPLEXITY" missed="0" covered="6"/><counter type="METHOD" missed="0" covered="6"/><counter type="CLASS" missed="0" covered="1"/></class><class name="io/github/prolobjectlink/prolog/tuprolog/TuPrologNil"><method name="&lt;init&gt;" desc="(Lio/github/prolobjectlink/prolog/PrologProvider;)V" line="38"><counter type="INSTRUCTION" missed="0" covered="9"/><counter type="LINE" missed="0" covered="2"/><counter type="COMPLEXITY" missed="0" covered="1"/><counter type="METHOD" missed="0" covered="1"/></method><method name="getArguments" desc="()[Lio/github/prolobjectlink/prolog/PrologTerm;" line="42"><counter type="INSTRUCTION" missed="0" covered="3"/><counter type="LINE" missed="0" covered="1"/><counter type="COMPLEXITY" missed="0" covered="1"/><counter type="METHOD" missed="0" covered="1"/></method><method name="getArity" desc="()I" line="46"><counter type="INSTRUCTION" missed="0" covered="2"/><counter type="LINE" missed="0" covered="1"/><counter type="COMPLEXITY" missed="0" covered="1"/><counter type="METHOD" missed="0" covered="1"/></method><method name="getFunctor" desc="()Ljava/lang/String;" line="50"><counter type="INSTRUCTION" missed="0" covered="12"/><counter type="LINE" missed="0" covered="1"/><counter type="COMPLEXITY" missed="0" covered="1"/><counter type="METHOD" missed="0" covered="1"/></method><counter type="INSTRUCTION" missed="0" covered="26"/><counter type="LINE" missed="0" covered="5"/><counter type="COMPLEXITY" missed="0" covered="4"/><counter type="METHOD" missed="0" covered="4"/><counter type="CLASS" missed="0" covered="1"/></class><class name="io/github/prolobjectlink/prolog/tuprolog/TuPrologQuery"><method name="&lt;init&gt;" desc="(Lio/github/prolobjectlink/prolog/AbstractEngine;Ljava/lang/String;)V" line="54"><counter type="INSTRUCTION" missed="8" covered="25"/><counter type="LINE" missed="2" covered="5"/><counter type="COMPLEXITY" missed="0" covered="1"/><counter type="METHOD" missed="0" covered="1"/></method><method name="&lt;init&gt;" desc="(Lio/github/prolobjectlink/prolog/AbstractEngine;Lio/github/prolobjectlink/prolog/PrologTerm;)V" line="64"><counter type="INSTRUCTION" missed="0" covered="21"/><counter type="LINE" missed="0" covered="5"/><counter type="COMPLEXITY" missed="0" covered="1"/><counter type="METHOD" missed="0" covered="1"/></method><method name="&lt;init&gt;" desc="(Lio/github/prolobjectlink/prolog/AbstractEngine;[Lio/github/prolobjectlink/prolog/PrologTerm;)V" line="71"><counter type="INSTRUCTION" missed="54" covered="0"/><counter type="BRANCH" missed="6" covered="0"/><counter type="LINE" missed="8" covered="0"/><counter type="COMPLEXITY" missed="4" covered="0"/><counter type="METHOD" missed="1" covered="0"/></method><method name="&lt;init&gt;" desc="(Lio/github/prolobjectlink/prolog/AbstractEngine;Lio/github/prolobjectlink/prolog/PrologTerm;[Lio/github/prolobjectlink/prolog/PrologTerm;)V" line="83"><counter type="INSTRUCTION" missed="0" covered="71"/><counter type="BRANCH" missed="2" covered="4"/><counter type="LINE" missed="0" covered="10"/><counter type="COMPLEXITY" missed="2" covered="2"/><counter type="METHOD" missed="0" covered="1"/></method><method name="hasSolution" desc="()Z" line="97"><counter type="INSTRUCTION" missed="1" covered="10"/><counter type="BRANCH" missed="2" covered="2"/><counter type="LINE" missed="0" covered="1"/><counter type="COMPLEXITY" missed="2" covered="1"/><counter type="METHOD" missed="0" covered="1"/></method><method name="hasMoreSolutions" desc="()Z" line="101"><counter type="INSTRUCTION" missed="0" covered="11"/><counter type="BRANCH" missed="1" covered="3"/><counter type="LINE" missed="0" covered="1"/><counter type="COMPLEXITY" missed="1" covered="2"/><counter type="METHOD" missed="0" covered="1"/></method><method name="oneSolution" desc="()[Lio/github/prolobjectlink/prolog/PrologTerm;" line="105"><counter type="INSTRUCTION" missed="4" covered="36"/><counter type="BRANCH" missed="2" covered="4"/><counter type="LINE" missed="2" covered="6"/><counter type="COMPLEXITY" missed="2" covered="2"/><counter type="METHOD" missed="0" covered="1"/></method><method name="oneVariablesSolution" desc="()Ljava/util/Map;" line="121"><counter type="INSTRUCTION" missed="1" covered="45"/><counter type="BRANCH" missed="1" covered="5"/><counter type="LINE" missed="1" covered="8"/><counter type="COMPLEXITY" missed="1" covered="3"/><counter type="METHOD" missed="0" covered="1"/></method><method name="nextSolution" desc="()[Lio/github/prolobjectlink/prolog/PrologTerm;" line="138"><counter type="INSTRUCTION" missed="4" covered="13"/><counter type="BRANCH" missed="0" covered="2"/><counter type="LINE" missed="2" covered="4"/><counter type="COMPLEXITY" missed="0" covered="2"/><counter type="METHOD" missed="0" covered="1"/></method><method name="nextVariablesSolution" desc="()Ljava/util/Map;" line="151"><counter type="INSTRUCTION" missed="6" covered="13"/><counter type="BRANCH" missed="0" covered="2"/><counter type="LINE" missed="2" covered="4"/><counter type="COMPLEXITY" missed="0" covered="2"/><counter type="METHOD" missed="0" covered="1"/></method><method name="nSolutions" desc="(I)[[Lio/github/prolobjectlink/prolog/PrologTerm;" line="163"><counter type="INSTRUCTION" missed="10" covered="93"/><counter type="BRANCH" missed="6" covered="12"/><counter type="LINE" missed="2" covered="22"/><counter type="COMPLEXITY" missed="6" covered="4"/><counter type="METHOD" missed="0" covered="1"/></method><method name="nVariablesSolutions" desc="(I)[Ljava/util/Map;" line="203"><counter type="INSTRUCTION" missed="5" covered="41"/><counter type="BRANCH" missed="2" covered="4"/><counter type="LINE" missed="2" covered="12"/><counter type="COMPLEXITY" missed="2" covered="2"/><counter type="METHOD" missed="0" covered="1"/></method><method name="allSolutions" desc="()[[Lio/github/prolobjectlink/prolog/PrologTerm;" line="227"><counter type="INSTRUCTION" missed="6" covered="91"/><counter type="BRANCH" missed="5" covered="11"/><counter type="LINE" missed="1" covered="22"/><counter type="COMPLEXITY" missed="5" covered="4"/><counter type="METHOD" missed="0" covered="1"/></method><method name="allVariablesSolutions" desc="()[Ljava/util/Map;" line="264"><counter type="INSTRUCTION" missed="0" covered="7"/><counter type="LINE" missed="0" covered="1"/><counter type="COMPLEXITY" missed="0" covered="1"/><counter type="METHOD" missed="0" covered="1"/></method><method name="all" desc="()Ljava/util/List;" line="268"><counter type="INSTRUCTION" missed="2" covered="40"/><counter type="BRANCH" missed="2" covered="6"/><counter type="LINE" missed="1" covered="11"/><counter type="COMPLEXITY" missed="2" covered="3"/><counter type="METHOD" missed="0" covered="1"/></method><method name="toString" desc="()Ljava/lang/String;" line="292"><counter type="INSTRUCTION" missed="13" covered="0"/><counter type="LINE" missed="1" covered="0"/><counter type="COMPLEXITY" missed="1" covered="0"/><counter type="METHOD" missed="1" covered="0"/></method><method name="dispose" desc="()V" line="296"><counter type="INSTRUCTION" missed="0" covered="4"/><counter type="LINE" missed="0" covered="2"/><counter type="COMPLEXITY" missed="0" covered="1"/><counter type="METHOD" missed="0" covered="1"/></method><method name="hashCode" desc="()I" line="301"><counter type="INSTRUCTION" missed="33" covered="0"/><counter type="BRANCH" missed="4" covered="0"/><counter type="LINE" missed="5" covered="0"/><counter type="COMPLEXITY" missed="3" covered="0"/><counter type="METHOD" missed="1" covered="0"/></method><method name="equals" desc="(Ljava/lang/Object;)Z" line="310"><counter type="INSTRUCTION" missed="13" covered="28"/><counter type="BRANCH" missed="7" covered="5"/><counter type="LINE" missed="6" covered="7"/><counter type="COMPLEXITY" missed="6" covered="1"/><counter type="METHOD" missed="0" covered="1"/></method><counter type="INSTRUCTION" missed="160" covered="549"/><counter type="BRANCH" missed="40" covered="60"/><counter type="LINE" missed="35" covered="121"/><counter type="COMPLEXITY" missed="37" covered="32"/><counter type="METHOD" missed="3" covered="16"/><counter type="CLASS" missed="0" covered="1"/></class><class name="io/github/prolobjectlink/prolog/tuprolog/TuPrologStructure"><method name="&lt;init&gt;" desc="(Lio/github/prolobjectlink/prolog/PrologProvider;Ljava/lang/String;[Lio/github/prolobjectlink/prolog/PrologTerm;)V" line="40"><counter type="INSTRUCTION" missed="0" covered="34"/><counter type="BRANCH" missed="0" covered="2"/><counter type="LINE" missed="0" covered="6"/><counter type="COMPLEXITY" missed="0" covered="2"/><counter type="METHOD" missed="0" covered="1"/></method><method name="&lt;init&gt;" desc="(Lio/github/prolobjectlink/prolog/PrologProvider;Ljava/lang/String;[Lalice/tuprolog/Term;)V" line="49"><counter type="INSTRUCTION" missed="0" covered="14"/><counter type="LINE" missed="0" covered="3"/><counter type="COMPLEXITY" missed="0" covered="1"/><counter type="METHOD" missed="0" covered="1"/></method><method name="&lt;init&gt;" desc="(Lio/github/prolobjectlink/prolog/PrologProvider;Lio/github/prolobjectlink/prolog/PrologTerm;Ljava/lang/String;Lio/github/prolobjectlink/prolog/PrologTerm;)V" line="54"><counter type="INSTRUCTION" missed="0" covered="29"/><counter type="LINE" missed="0" covered="5"/><counter type="COMPLEXITY" missed="0" covered="1"/><counter type="METHOD" missed="0" covered="1"/></method><method name="&lt;init&gt;" desc="(Lio/github/prolobjectlink/prolog/PrologProvider;Lalice/tuprolog/Term;Ljava/lang/String;Lalice/tuprolog/Term;)V" line="61"><counter type="INSTRUCTION" missed="0" covered="19"/><counter type="LINE" missed="0" covered="2"/><counter type="COMPLEXITY" missed="0" covered="1"/><counter type="METHOD" missed="0" covered="1"/></method><method name="getArgument" desc="(I)Lio/github/prolobjectlink/prolog/PrologTerm;" line="65"><counter type="INSTRUCTION" missed="0" covered="10"/><counter type="LINE" missed="0" covered="2"/><counter type="COMPLEXITY" missed="0" covered="1"/><counter type="METHOD" missed="0" covered="1"/></method><method name="getArguments" desc="()[Lio/github/prolobjectlink/prolog/PrologTerm;" line="70"><counter type="INSTRUCTION" missed="0" covered="28"/><counter type="BRANCH" missed="0" covered="2"/><counter type="LINE" missed="0" covered="6"/><counter type="COMPLEXITY" missed="0" covered="2"/><counter type="METHOD" missed="0" covered="1"/></method><method name="getArity" desc="()I" line="80"><counter type="INSTRUCTION" missed="0" covered="7"/><counter type="LINE" missed="0" covered="2"/><counter type="COMPLEXITY" missed="0" covered="1"/><counter type="METHOD" missed="0" covered="1"/></method><method name="getFunctor" desc="()Ljava/lang/String;" line="85"><counter type="INSTRUCTION" missed="0" covered="7"/><counter type="LINE" missed="0" covered="2"/><counter type="COMPLEXITY" missed="0" covered="1"/><counter type="METHOD" missed="0" covered="1"/></method><method name="getRight" desc="()Lio/github/prolobjectlink/prolog/PrologTerm;" line="90"><counter type="INSTRUCTION" missed="4" covered="0"/><counter type="LINE" missed="1" covered="0"/><counter type="COMPLEXITY" missed="1" covered="0"/><counter type="METHOD" missed="1" covered="0"/></method><method name="getLeft" desc="()Lio/github/prolobjectlink/prolog/PrologTerm;" line="94"><counter type="INSTRUCTION" missed="4" covered="0"/><counter type="LINE" missed="1" covered="0"/><counter type="COMPLEXITY" missed="1" covered="0"/><counter type="METHOD" missed="1" covered="0"/></method><method name="getOperator" desc="()Ljava/lang/String;" line="98"><counter type="INSTRUCTION" missed="3" covered="0"/><counter type="LINE" missed="1" covered="0"/><counter type="COMPLEXITY" missed="1" covered="0"/><counter type="METHOD" missed="1" covered="0"/></method><counter type="INSTRUCTION" missed="11" covered="148"/><counter type="BRANCH" missed="0" covered="4"/><counter type="LINE" missed="3" covered="28"/><counter type="COMPLEXITY" missed="3" covered="10"/><counter type="METHOD" missed="3" covered="8"/><counter type="CLASS" missed="0" covered="1"/></class><class name="io/github/prolobjectlink/prolog/tuprolog/TuPrologInteger"><method name="&lt;init&gt;" desc="(Lio/github/prolobjectlink/prolog/PrologProvider;Ljava/lang/Number;)V" line="44"><counter type="INSTRUCTION" missed="0" covered="10"/><counter type="LINE" missed="0" covered="2"/><counter type="COMPLEXITY" missed="0" covered="1"/><counter type="METHOD" missed="0" covered="1"/></method><method name="getPrologInteger" desc="()Lio/github/prolobjectlink/prolog/PrologInteger;" line="48"><counter type="INSTRUCTION" missed="0" covered="9"/><counter type="LINE" missed="0" covered="1"/><counter type="COMPLEXITY" missed="0" covered="1"/><counter type="METHOD" missed="0" covered="1"/></method><method name="getPrologFloat" desc="()Lio/github/prolobjectlink/prolog/PrologFloat;" line="52"><counter type="INSTRUCTION" missed="0" covered="9"/><counter type="LINE" missed="0" covered="1"/><counter type="COMPLEXITY" missed="0" covered="1"/><counter type="METHOD" missed="0" covered="1"/></method><method name="getPrologDouble" desc="()Lio/github/prolobjectlink/prolog/PrologDouble;" line="56"><counter type="INSTRUCTION" missed="0" covered="9"/><counter type="LINE" missed="0" covered="1"/><counter type="COMPLEXITY" missed="0" covered="1"/><counter type="METHOD" missed="0" covered="1"/></method><method name="getPrologLong" desc="()Lio/github/prolobjectlink/prolog/PrologLong;" line="60"><counter type="INSTRUCTION" missed="0" covered="9"/><counter type="LINE" missed="0" covered="1"/><counter type="COMPLEXITY" missed="0" covered="1"/><counter type="METHOD" missed="0" covered="1"/></method><method name="getLongValue" desc="()J" line="64"><counter type="INSTRUCTION" missed="0" covered="5"/><counter type="LINE" missed="0" covered="1"/><counter type="COMPLEXITY" missed="0" covered="1"/><counter type="METHOD" missed="0" covered="1"/></method><method name="getDoubleValue" desc="()D" line="68"><counter type="INSTRUCTION" missed="0" covered="5"/><counter type="LINE" missed="0" covered="1"/><counter type="COMPLEXITY" missed="0" covered="1"/><counter type="METHOD" missed="0" covered="1"/></method><method name="getIntegerValue" desc="()I" line="72"><counter type="INSTRUCTION" missed="0" covered="5"/><counter type="LINE" missed="0" covered="1"/><counter type="COMPLEXITY" missed="0" covered="1"/><counter type="METHOD" missed="0" covered="1"/></method><method name="getFloatValue" desc="()F" line="76"><counter type="INSTRUCTION" missed="0" covered="5"/><counter type="LINE" missed="0" covered="1"/><counter type="COMPLEXITY" missed="0" covered="1"/><counter type="METHOD" missed="0" covered="1"/></method><method name="getArguments" desc="()[Lio/github/prolobjectlink/prolog/PrologTerm;" line="80"><counter type="INSTRUCTION" missed="0" covered="3"/><counter type="LINE" missed="0" covered="1"/><counter type="COMPLEXITY" missed="0" covered="1"/><counter type="METHOD" missed="0" covered="1"/></method><method name="getArity" desc="()I" line="84"><counter type="INSTRUCTION" missed="0" covered="5"/><counter type="LINE" missed="0" covered="1"/><counter type="COMPLEXITY" missed="0" covered="1"/><counter type="METHOD" missed="0" covered="1"/></method><method name="getFunctor" desc="()Ljava/lang/String;" line="88"><counter type="INSTRUCTION" missed="0" covered="5"/><counter type="LINE" missed="0" covered="1"/><counter type="COMPLEXITY" missed="0" covered="1"/><counter type="METHOD" missed="0" covered="1"/></method><counter type="INSTRUCTION" missed="0" covered="79"/><counter type="LINE" missed="0" covered="13"/><counter type="COMPLEXITY" missed="0" covered="12"/><counter type="METHOD" missed="0" covered="12"/><counter type="CLASS" missed="0" covered="1"/></class><class name="io/github/prolobjectlink/prolog/tuprolog/TuPrologIndicator"><method name="&lt;init&gt;" desc="(Ljava/lang/String;I)V" line="35"><counter type="INSTRUCTION" missed="0" covered="5"/><counter type="LINE" missed="0" covered="2"/><counter type="COMPLEXITY" missed="0" covered="1"/><counter type="METHOD" missed="0" covered="1"/></method><counter type="INSTRUCTION" missed="0" covered="5"/><counter type="LINE" missed="0" covered="2"/><counter type="COMPLEXITY" missed="0" covered="1"/><counter type="METHOD" missed="0" covered="1"/><counter type="CLASS" missed="0" covered="1"/></class><class name="io/github/prolobjectlink/prolog/tuprolog/TuPrologList$TuPrologListIter"><method name="&lt;init&gt;" desc="(Lio/github/prolobjectlink/prolog/tuprolog/TuPrologList;Lalice/tuprolog/Struct;)V" line="128"><counter type="INSTRUCTION" missed="0" covered="10"/><counter type="LINE" missed="0" covered="3"/><counter type="COMPLEXITY" missed="0" covered="1"/><counter type="METHOD" missed="0" covered="1"/></method><method name="hasNext" desc="()Z" line="133"><counter type="INSTRUCTION" missed="0" covered="4"/><counter type="LINE" missed="0" covered="1"/><counter type="COMPLEXITY" missed="0" covered="1"/><counter type="METHOD" missed="0" covered="1"/></method><method name="next" desc="()Lio/github/prolobjectlink/prolog/PrologTerm;" line="137"><counter type="INSTRUCTION" missed="0" covered="8"/><counter type="LINE" missed="0" covered="1"/><counter type="COMPLEXITY" missed="0" covered="1"/><counter type="METHOD" missed="0" covered="1"/></method><counter type="INSTRUCTION" missed="0" covered="22"/><counter type="LINE" missed="0" covered="5"/><counter type="COMPLEXITY" missed="0" covered="3"/><counter type="METHOD" missed="0" covered="3"/><counter type="CLASS" missed="0" covered="1"/></class><class name="io/github/prolobjectlink/prolog/tuprolog/TuProlog"><method name="&lt;init&gt;" desc="()V" line="59"><counter type="INSTRUCTION" missed="0" covered="6"/><counter type="LINE" missed="0" covered="2"/><counter type="COMPLEXITY" missed="0" covered="1"/><counter type="METHOD" missed="0" covered="1"/></method><method name="&lt;init&gt;" desc="(Lio/github/prolobjectlink/prolog/PrologConverter;)V" line="63"><counter type="INSTRUCTION" missed="0" covered="4"/><counter type="LINE" missed="0" covered="2"/><counter type="COMPLEXITY" missed="0" covered="1"/><counter type="METHOD" missed="0" covered="1"/></method><method name="isCompliant" desc="()Z" line="67"><counter type="INSTRUCTION" missed="0" covered="2"/><counter type="LINE" missed="0" covered="1"/><counter type="COMPLEXITY" missed="0" covered="1"/><counter type="METHOD" missed="0" covered="1"/></method><method name="prologNil" desc="()Lio/github/prolobjectlink/prolog/PrologTerm;" line="71"><counter type="INSTRUCTION" missed="0" covered="5"/><counter type="LINE" missed="0" covered="1"/><counter type="COMPLEXITY" missed="0" covered="1"/><counter type="METHOD" missed="0" covered="1"/></method><method name="prologCut" desc="()Lio/github/prolobjectlink/prolog/PrologTerm;" line="75"><counter type="INSTRUCTION" missed="0" covered="5"/><counter type="LINE" missed="0" covered="1"/><counter type="COMPLEXITY" missed="0" covered="1"/><counter type="METHOD" missed="0" covered="1"/></method><method name="prologFail" desc="()Lio/github/prolobjectlink/prolog/PrologTerm;" line="79"><counter type="INSTRUCTION" missed="0" covered="5"/><counter type="LINE" missed="0" covered="1"/><counter type="COMPLEXITY" missed="0" covered="1"/><counter type="METHOD" missed="0" covered="1"/></method><method name="prologTrue" desc="()Lio/github/prolobjectlink/prolog/PrologTerm;" line="83"><counter type="INSTRUCTION" missed="0" covered="5"/><counter type="LINE" missed="0" covered="1"/><counter type="COMPLEXITY" missed="0" covered="1"/><counter type="METHOD" missed="0" covered="1"/></method><method name="prologFalse" desc="()Lio/github/prolobjectlink/prolog/PrologTerm;" line="87"><counter type="INSTRUCTION" missed="0" covered="5"/><counter type="LINE" missed="0" covered="1"/><counter type="COMPLEXITY" missed="0" covered="1"/><counter type="METHOD" missed="0" covered="1"/></method><method name="prologEmpty" desc="()Lio/github/prolobjectlink/prolog/PrologTerm;" line="91"><counter type="INSTRUCTION" missed="0" covered="5"/><counter type="LINE" missed="0" covered="1"/><counter type="COMPLEXITY" missed="0" covered="1"/><counter type="METHOD" missed="0" covered="1"/></method><method name="prologInclude" desc="(Ljava/lang/String;)Lio/github/prolobjectlink/prolog/PrologTerm;" line="95"><counter type="INSTRUCTION" missed="12" covered="0"/><counter type="LINE" missed="1" covered="0"/><counter type="COMPLEXITY" missed="1" covered="0"/><counter type="METHOD" missed="1" covered="0"/></method><method name="newEngine" desc="()Lio/github/prolobjectlink/prolog/PrologEngine;" line="101"><counter type="INSTRUCTION" missed="0" covered="10"/><counter type="LINE" missed="0" covered="2"/><counter type="COMPLEXITY" missed="0" covered="1"/><counter type="METHOD" missed="0" covered="1"/></method><method name="newEngine" desc="(Ljava/lang/String;)Lio/github/prolobjectlink/prolog/PrologEngine;" line="106"><counter type="INSTRUCTION" missed="8" covered="0"/><counter type="LINE" missed="3" covered="0"/><counter type="COMPLEXITY" missed="1" covered="0"/><counter type="METHOD" missed="1" covered="0"/></method><method name="parseTerm" desc="(Ljava/lang/String;)Lio/github/prolobjectlink/prolog/PrologTerm;" line="114"><counter type="INSTRUCTION" missed="0" covered="6"/><counter type="LINE" missed="0" covered="1"/><counter type="COMPLEXITY" missed="0" covered="1"/><counter type="METHOD" missed="0" covered="1"/></method><method name="parseTerms" desc="(Ljava/lang/String;)[Lio/github/prolobjectlink/prolog/PrologTerm;" line="118"><counter type="INSTRUCTION" missed="0" covered="60"/><counter type="BRANCH" missed="0" covered="6"/><counter type="LINE" missed="0" covered="12"/><counter type="COMPLEXITY" missed="0" covered="4"/><counter type="METHOD" missed="0" covered="1"/></method><method name="newAtom" desc="(Ljava/lang/String;)Lio/github/prolobjectlink/prolog/PrologAtom;" line="137"><counter type="INSTRUCTION" missed="0" covered="6"/><counter type="LINE" missed="0" covered="1"/><counter type="COMPLEXITY" missed="0" covered="1"/><counter type="METHOD" missed="0" covered="1"/></method><method name="newFloat" desc="(Ljava/lang/Number;)Lio/github/prolobjectlink/prolog/PrologFloat;" line="141"><counter type="INSTRUCTION" missed="0" covered="6"/><counter type="LINE" missed="0" covered="1"/><counter type="COMPLEXITY" missed="0" covered="1"/><counter type="METHOD" missed="0" covered="1"/></method><method name="newDouble" desc="(Ljava/lang/Number;)Lio/github/prolobjectlink/prolog/PrologDouble;" line="145"><counter type="INSTRUCTION" missed="0" covered="6"/><counter type="LINE" missed="0" covered="1"/><counter type="COMPLEXITY" missed="0" covered="1"/><counter type="METHOD" missed="0" covered="1"/></method><method name="newInteger" desc="(Ljava/lang/Number;)Lio/github/prolobjectlink/prolog/PrologInteger;" line="149"><counter type="INSTRUCTION" missed="0" covered="6"/><counter type="LINE" missed="0" covered="1"/><counter type="COMPLEXITY" missed="0" covered="1"/><counter type="METHOD" missed="0" covered="1"/></method><method name="newLong" desc="(Ljava/lang/Number;)Lio/github/prolobjectlink/prolog/PrologLong;" line="153"><counter type="INSTRUCTION" missed="0" covered="6"/><counter type="LINE" missed="0" covered="1"/><counter type="COMPLEXITY" missed="0" covered="1"/><counter type="METHOD" missed="0" covered="1"/></method><method name="newVariable" desc="(I)Lio/github/prolobjectlink/prolog/PrologVariable;" line="157"><counter type="INSTRUCTION" missed="0" covered="5"/><counter type="LINE" missed="0" covered="1"/><counter type="COMPLEXITY" missed="0" covered="1"/><counter type="METHOD" missed="0" covered="1"/></method><method name="newVariable" desc="(Ljava/lang/String;I)Lio/github/prolobjectlink/prolog/PrologVariable;" line="161"><counter type="INSTRUCTION" missed="0" covered="6"/><counter type="LINE" missed="0" covered="1"/><counter type="COMPLEXITY" missed="0" covered="1"/><counter type="METHOD" missed="0" covered="1"/></method><method name="newList" desc="()Lio/github/prolobjectlink/prolog/PrologList;" line="165"><counter type="INSTRUCTION" missed="0" covered="5"/><counter type="LINE" missed="0" covered="1"/><counter type="COMPLEXITY" missed="0" covered="1"/><counter type="METHOD" missed="0" covered="1"/></method><method name="newList" desc="([Lio/github/prolobjectlink/prolog/PrologTerm;)Lio/github/prolobjectlink/prolog/PrologList;" line="169"><counter type="INSTRUCTION" missed="0" covered="16"/><counter type="BRANCH" missed="0" covered="4"/><counter type="LINE" missed="0" covered="3"/><counter type="COMPLEXITY" missed="0" covered="3"/><counter type="METHOD" missed="0" covered="1"/></method><method name="newList" desc="(Lio/github/prolobjectlink/prolog/PrologTerm;Lio/github/prolobjectlink/prolog/PrologTerm;)Lio/github/prolobjectlink/prolog/PrologList;" line="176"><counter type="INSTRUCTION" missed="0" covered="7"/><counter type="LINE" missed="0" covered="1"/><counter type="COMPLEXITY" missed="0" covered="1"/><counter type="METHOD" missed="0" covered="1"/></method><method name="newList" desc="([Lio/github/prolobjectlink/prolog/PrologTerm;Lio/github/prolobjectlink/prolog/PrologTerm;)Lio/github/prolobjectlink/prolog/PrologList;" line="180"><counter type="INSTRUCTION" missed="0" covered="7"/><counter type="LINE" missed="0" covered="1"/><counter type="COMPLEXITY" missed="0" covered="1"/><counter type="METHOD" missed="0" covered="1"/></method><method name="newStructure" desc="(Ljava/lang/String;[Lio/github/prolobjectlink/prolog/PrologTerm;)Lio/github/prolobjectlink/prolog/PrologStructure;" line="184"><counter type="INSTRUCTION" missed="0" covered="7"/><counter type="LINE" missed="0" covered="1"/><counter type="COMPLEXITY" missed="0" covered="1"/><counter type="METHOD" missed="0" covered="1"/></method><method name="newStructure" desc="(Lio/github/prolobjectlink/prolog/PrologTerm;Ljava/lang/String;Lio/github/prolobjectlink/prolog/PrologTerm;)Lio/github/prolobjectlink/prolog/PrologTerm;" line="188"><counter type="INSTRUCTION" missed="0" covered="8"/><counter type="LINE" missed="0" covered="1"/><counter type="COMPLEXITY" missed="0" covered="1"/><counter type="METHOD" missed="0" covered="1"/></method><method name="newReference" desc="(Ljava/lang/Object;)Lio/github/prolobjectlink/prolog/PrologTerm;" line="192"><counter type="INSTRUCTION" missed="5" covered="0"/><counter type="LINE" missed="1" covered="0"/><counter type="COMPLEXITY" missed="1" covered="0"/><counter type="METHOD" missed="1" covered="0"/></method><method name="getJavaConverter" desc="()Lio/github/prolobjectlink/prolog/PrologJavaConverter;" line="196"><counter type="INSTRUCTION" missed="0" covered="5"/><counter type="LINE" missed="0" covered="1"/><counter ty
[...]
d="2" covered="60"/><counter type="LINE" missed="2" covered="86"/><counter type="COMPLEXITY" missed="2" covered="43"/><counter type="METHOD" missed="0" covered="8"/><counter type="CLASS" missed="0" covered="1"/></sourcefile><sourcefile name="TuPrologJavaConverter.java"><line nr="31" mi="0" ci="3" mb="0" cb="0"/><line nr="32" mi="0" ci="1" mb="0" cb="0"/><counter type="INSTRUCTION" missed="0" covered="4"/><counter type="LINE" missed="0" covered="2"/><counter type="COMPLEXITY" missed="0" covered="1"/><counter type="METHOD" missed="0" covered="1"/><counter type="CLASS" missed="0" covered="1"/></sourcefile><sourcefile name="TuPrologEmpty.java"><line nr="37" mi="0" ci="3" mb="0" cb="0"/><line nr="38" mi="0" ci="1" mb="0" cb="0"/><line nr="42" mi="0" ci="3" mb="0" cb="0"/><line nr="47" mi="0" ci="5" mb="0" cb="0"/><line nr="52" mi="0" ci="5" mb="0" cb="0"/><counter type="INSTRUCTION" missed="0" covered="17"/><counter type="LINE" missed="0" covered="5"/><counter type="COMPLEXITY" missed="0" covered="4"/><counter type="METHOD" missed="0" covered="4"/><counter type="CLASS" missed="0" covered="1"/></sourcefile><sourcefile name="TuPrologLogger.java"><line nr="41" mi="2" ci="5" mb="1" cb="1"/><line nr="44" mi="0" ci="4" mb="0" cb="0"/><line nr="47" mi="0" ci="3" mb="0" cb="0"/><line nr="48" mi="0" ci="1" mb="0" cb="0"/><line nr="50" mi="0" ci="2" mb="0" cb="0"/><line nr="51" mi="0" ci="3" mb="0" cb="0"/><line nr="52" mi="0" ci="3" mb="0" cb="0"/><line nr="53" mi="0" ci="5" mb="0" cb="0"/><line nr="54" mi="0" ci="6" mb="0" cb="0"/><line nr="55" mi="0" ci="4" mb="0" cb="0"/><line nr="56" mi="0" ci="17" mb="0" cb="2"/><line nr="57" mi="0" ci="3" mb="0" cb="0"/><line nr="58" mi="0" ci="3" mb="0" cb="0"/><line nr="60" mi="0" ci="2" mb="0" cb="0"/><line nr="62" mi="0" ci="15" mb="0" cb="0"/><line nr="63" mi="1" ci="0" mb="0" cb="0"/><line nr="64" mi="5" ci="0" mb="0" cb="0"/><line nr="65" mi="1" ci="0" mb="0" cb="0"/><line nr="66" mi="5" ci="0" mb="0" cb="0"/><line nr="67" mi="1" ci="1" mb="0" cb="0"/><line nr="68" mi="4" ci="4" mb="2" cb="2"/><line nr="69" mi="0" ci="3" mb="0" cb="0"/><line nr="70" mi="0" ci="3" mb="0" cb="0"/><line nr="71" mi="0" ci="1" mb="0" cb="0"/><line nr="74" mi="14" ci="0" mb="0" cb="0"/><line nr="75" mi="1" ci="0" mb="0" cb="0"/><counter type="INSTRUCTION" missed="34" covered="88"/><counter type="BRANCH" missed="3" covered="5"/><counter type="LINE" missed="6" covered="20"/><counter type="COMPLEXITY" missed="4" covered="4"/><counter type="METHOD" missed="1" covered="3"/><counter type="CLASS" missed="0" covered="1"/></sourcefile><sourcefile name="TuPrologDouble.java"><line nr="44" mi="0" ci="9" mb="0" cb="0"/><line nr="45" mi="0" ci="1" mb="0" cb="0"/><line nr="48" mi="0" ci="9" mb="0" cb="0"/><line nr="52" mi="0" ci="9" mb="0" cb="0"/><line nr="56" mi="0" ci="9" mb="0" cb="0"/><line nr="60" mi="0" ci="9" mb="0" cb="0"/><line nr="64" mi="0" ci="5" mb="0" cb="0"/><line nr="68" mi="0" ci="5" mb="0" cb="0"/><line nr="72" mi="0" ci="5" mb="0" cb="0"/><line nr="76" mi="0" ci="5" mb="0" cb="0"/><line nr="80" mi="0" ci="3" mb="0" cb="0"/><line nr="84" mi="0" ci="5" mb="0" cb="0"/><line nr="88" mi="0" ci="5" mb="0" cb="0"/><counter type="INSTRUCTION" missed="0" covered="79"/><counter type="LINE" missed="0" covered="13"/><counter type="COMPLEXITY" missed="0" covered="12"/><counter type="METHOD" missed="0" covered="12"/><counter type="CLASS" missed="0" covered="1"/></sourcefile><sourcefile name="TuPrologIndicator.java"><line nr="35" mi="0" ci="4" mb="0" cb="0"/><line nr="36" mi="0" ci="1" mb="0" cb="0"/><counter type="INSTRUCTION" missed="0" covered="5"/><counter type="LINE" missed="0" covered="2"/><counter type="COMPLEXITY" missed="0" covered="1"/><counter type="METHOD" missed="0" covered="1"/><counter type="CLASS" missed="0" covered="1"/></sourcefile><sourcefile name="TuPrologFloat.java"><line nr="44" mi="0" ci="9" mb="0" cb="0"/><line nr="45" mi="0" ci="1" mb="0" cb="0"/><line nr="48" mi="0" ci="9" mb="0" cb="0"/><line nr="52" mi="0" ci="9" mb="0" cb="0"/><line nr="56" mi="0" ci="9" mb="0" cb="0"/><line nr="60" mi="0" ci="9" mb="0" cb="0"/><line nr="64" mi="0" ci="5" mb="0" cb="0"/><line nr="68" mi="0" ci="5" mb="0" cb="0"/><line nr="72" mi="0" ci="5" mb="0" cb="0"/><line nr="76" mi="0" ci="5" mb="0" cb="0"/><line nr="80" mi="0" ci="3" mb="0" cb="0"/><line nr="84" mi="0" ci="5" mb="0" cb="0"/><line nr="88" mi="0" ci="5" mb="0" cb="0"/><counter type="INSTRUCTION" missed="0" covered="79"/><counter type="LINE" missed="0" covered="13"/><counter type="COMPLEXITY" missed="0" covered="12"/><counter type="METHOD" missed="0" covered="12"/><counter type="CLASS" missed="0" covered="1"/></sourcefile><sourcefile name="TuPrologClause.java"><line nr="41" mi="0" ci="7" mb="0" cb="0"/><line nr="42" mi="0" ci="9" mb="0" cb="0"/><line nr="43" mi="0" ci="1" mb="0" cb="0"/><line nr="47" mi="0" ci="8" mb="0" cb="0"/><line nr="48" mi="0" ci="9" mb="0" cb="0"/><line nr="49" mi="0" ci="1" mb="0" cb="0"/><line nr="52" mi="0" ci="3" mb="0" cb="0"/><counter type="INSTRUCTION" missed="0" covered="38"/><counter type="LINE" missed="0" covered="7"/><counter type="COMPLEXITY" missed="0" covered="3"/><counter type="METHOD" missed="0" covered="3"/><counter type="CLASS" missed="0" covered="1"/></sourcefile><sourcefile name="TuProlog.java"><line nr="54" mi="0" ci="4" mb="0" cb="0"/><line nr="55" mi="0" ci="3" mb="0" cb="0"/><line nr="59" mi="0" ci="5" mb="0" cb="0"/><line nr="60" mi="0" ci="1" mb="0" cb="0"/><line nr="63" mi="0" ci="3" mb="0" cb="0"/><line nr="64" mi="0" ci="1" mb="0" cb="0"/><line nr="67" mi="0" ci="2" mb="0" cb="0"/><line nr="71" mi="0" ci="5" mb="0" cb="0"/><line nr="75" mi="0" ci="5" mb="0" cb="0"/><line nr="79" mi="0" ci="5" mb="0" cb="0"/><line nr="83" mi="0" ci="5" mb="0" cb="0"/><line nr="87" mi="0" ci="5" mb="0" cb="0"/><line nr="91" mi="0" ci="5" mb="0" cb="0"/><line nr="95" mi="12" ci="0" mb="0" cb="0"/><line nr="101" mi="0" ci="4" mb="0" cb="0"/><line nr="102" mi="0" ci="6" mb="0" cb="0"/><line nr="106" mi="3" ci="0" mb="0" cb="0"/><line nr="107" mi="3" ci="0" mb="0" cb="0"/><line nr="108" mi="2" ci="0" mb="0" cb="0"/><line nr="114" mi="0" ci="6" mb="0" cb="0"/><line nr="118" mi="0" ci="4" mb="0" cb="0"/><line nr="119" mi="0" ci="5" mb="0" cb="0"/><line nr="120" mi="0" ci="4" mb="0" cb="0"/><line nr="121" mi="0" ci="3" mb="0" cb="2"/><line nr="122" mi="0" ci="3" mb="0" cb="0"/><line nr="123" mi="0" ci="9" mb="0" cb="4"/><line nr="124" mi="0" ci="9" mb="0" cb="0"/><line nr="125" mi="0" ci="5" mb="0" cb="0"/><line nr="127" mi="0" ci="7" mb="0" cb="0"/><line nr="128" mi="0" ci="4" mb="0" cb="0"/><line nr="130" mi="0" ci="1" mb="0" cb="0"/><line nr="131" mi="0" ci="6" mb="0" cb="0"/><line nr="137" mi="0" ci="6" mb="0" cb="0"/><line nr="141" mi="0" ci="6" mb="0" cb="0"/><line nr="145" mi="0" ci="6" mb="0" cb="0"/><line nr="149" mi="0" ci="6" mb="0" cb="0"/><line nr="153" mi="0" ci="6" mb="0" cb="0"/><line nr="157" mi="0" ci="5" mb="0" cb="0"/><line nr="161" mi="0" ci="6" mb="0" cb="0"/><line nr="165" mi="0" ci="5" mb="0" cb="0"/><line nr="169" mi="0" ci="5" mb="0" cb="4"/><line nr="170" mi="0" ci="6" mb="0" cb="0"/><line nr="172" mi="0" ci="5" mb="0" cb="0"/><line nr="176" mi="0" ci="7" mb="0" cb="0"/><line nr="180" mi="0" ci="7" mb="0" cb="0"/><line nr="184" mi="0" ci="7" mb="0" cb="0"/><line nr="188" mi="0" ci="8" mb="0" cb="0"/><line nr="192" mi="5" ci="0" mb="0" cb="0"/><line nr="196" mi="0" ci="5" mb="0" cb="0"/><line nr="200" mi="0" ci="2" mb="0" cb="0"/><line nr="205" mi="0" ci="12" mb="0" cb="0"/><counter type="INSTRUCTION" missed="25" covered="235"/><counter type="BRANCH" missed="0" covered="10"/><counter type="LINE" missed="5" covered="46"/><counter type="COMPLEXITY" missed="3" covered="34"/><counter type="METHOD" missed="3" covered="29"/><counter type="CLASS" missed="0" covered="1"/></sourcefile><sourcefile name="TuPrologEngine.java"><line nr="76" mi="0" ci="3" mb="0" cb="0"/><line nr="77" mi="0" ci="3" mb="0" cb="0"/><line nr="78" mi="0" ci="1" mb="0" cb="0"/><line nr="82" mi="0" ci="8" mb="0" cb="0"/><line nr="83" mi="0" ci="4" mb="0" cb="0"/><line nr="84" mi="1" ci="0" mb="0" cb="0"/><line nr="85" mi="14" ci="0" mb="0" cb="0"/><line nr="86" mi="13" ci="0" mb="0" cb="0"/><line nr="87" mi="1" ci="0" mb="0" cb="0"/><line nr="88" mi="14" ci="0" mb="0" cb="0"/><line nr="89" mi="13" ci="0" mb="0" cb="0"/><line nr="90" mi="1" ci="0" mb="0" cb="0"/><line nr="91" mi="14" ci="0" mb="0" cb="0"/><line nr="92" mi="2" ci="1" mb="0" cb="0"/><line nr="93" mi="0" ci="1" mb="0" cb="0"/><line nr="96" mi="5" ci="0" mb="0" cb="0"/><line nr="97" mi="4" ci="0" mb="0" cb="0"/><line nr="99" mi="3" ci="0" mb="0" cb="0"/><line nr="100" mi="2" ci="0" mb="2" cb="0"/><line nr="101" mi="4" ci="0" mb="0" cb="0"/><line nr="102" mi="4" ci="0" mb="0" cb="0"/><line nr="103" mi="4" ci="0" mb="0" cb="0"/><line nr="105" mi="16" ci="0" mb="0" cb="0"/><line nr="106" mi="1" ci="0" mb="0" cb="0"/><line nr="107" mi="14" ci="0" mb="0" cb="0"/><line nr="108" mi="1" ci="0" mb="0" cb="0"/><line nr="109" mi="14" ci="0" mb="0" cb="0"/><line nr="110" mi="2" ci="0" mb="0" cb="0"/><line nr="111" mi="1" ci="0" mb="0" cb="0"/><line nr="114" mi="0" ci="4" mb="0" cb="0"/><line nr="116" mi="0" ci="11" mb="0" cb="0"/><line nr="117" mi="1" ci="0" mb="0" cb="0"/><line nr="118" mi="14" ci="0" mb="0" cb="0"/><line nr="119" mi="1" ci="0" mb="0" cb="0"/><line nr="120" mi="14" ci="0" mb="0" cb="0"/><line nr="121" mi="1" ci="0" mb="0" cb="0"/><line nr="122" mi="14" ci="0" mb="0" cb="0"/><line nr="123" mi="2" ci="1" mb="0" cb="0"/><line nr="124" mi="0" ci="1" mb="0" cb="0"/><line nr="127" mi="0" ci="4" mb="0" cb="0"/><line nr="128" mi="0" ci="5" mb="0" cb="0"/><line nr="129" mi="0" ci="4" mb="0" cb="0"/><line nr="131" mi="0" ci="3" mb="0" cb="0"/><line nr="132" mi="0" ci="2" mb="0" cb="2"/><line nr="133" mi="0" ci="4" mb="0" cb="0"/><line nr="134" mi="0" ci="4" mb="0" cb="0"/><line nr="135" mi="0" ci="4" mb="0" cb="0"/><line nr="137" mi="0" ci="17" mb="0" cb="0"/><line nr="138" mi="1" ci="0" mb="0" cb="0"/><line nr="139" mi="14" ci="0" mb="0" cb="0"/><line nr="140" mi="1" ci="0" mb="0" cb="0"/><line nr="141" mi="14" ci="0" mb="0" cb="0"/><line nr="142" mi="1" ci="1" mb="0" cb="0"/><line nr="143" mi="0" ci="1" mb="0" cb="0"/><line nr="146" mi="0" ci="2" mb="0" cb="0"/><line nr="148" mi="0" ci="5" mb="0" cb="0"/><line nr="149" mi="0" ci="7" mb="0" cb="0"/><line nr="150" mi="1" ci="0" mb="0" cb="0"/><line nr="151" mi="14" ci="0" mb="0" cb="0"/><line nr="152" mi="13" ci="0" mb="0" cb="0"/><line nr="154" mi="5" ci="2" mb="5" cb="1"/><line nr="155" mi="7" ci="3" mb="0" cb="0"/><line nr="158" mi="0" ci="1" mb="0" cb="0"/><line nr="161" mi="0" ci="13" mb="0" cb="0"/><line nr="162" mi="0" ci="6" mb="0" cb="0"/><line nr="163" mi="0" ci="1" mb="0" cb="0"/><line nr="166" mi="0" ci="4" mb="0" cb="0"/><line nr="167" mi="0" ci="6" mb="1" cb="3"/><line nr="168" mi="0" ci="8" mb="0" cb="0"/><line nr="170" mi="0" ci="1" mb="0" cb="0"/><line nr="173" mi="0" ci="4" mb="0" cb="0"/><line nr="174" mi="0" ci="6" mb="1" cb="3"/><line nr="175" mi="0" ci="10" mb="0" cb="0"/><line nr="177" mi="0" ci="1" mb="0" cb="0"/><line nr="180" mi="1" ci="8" mb="2" cb="2"/><line nr="181" mi="4" ci="8" mb="3" cb="3"/><line nr="182" mi="0" ci="4" mb="0" cb="0"/><line nr="183" mi="0" ci="11" mb="0" cb="0"/><line nr="185" mi="0" ci="1" mb="0" cb="0"/><line nr="188" mi="0" ci="4" mb="0" cb="0"/><line nr="189" mi="0" ci="6" mb="1" cb="3"/><line nr="190" mi="0" ci="8" mb="0" cb="0"/><line nr="192" mi="0" ci="1" mb="0" cb="0"/><line nr="195" mi="0" ci="4" mb="0" cb="0"/><line nr="196" mi="0" ci="6" mb="1" cb="3"/><line nr="197" mi="0" ci="10" mb="0" cb="0"/><line nr="199" mi="0" ci="1" mb="0" cb="0"/><line nr="202" mi="1" ci="8" mb="2" cb="2"/><line nr="203" mi="4" ci="8" mb="3" cb="3"/><line nr="204" mi="0" ci="4" mb="0" cb="0"/><line nr="205" mi="0" ci="11" mb="0" cb="0"/><line nr="207" mi="0" ci="1" mb="0" cb="0"/><line nr="210" mi="0" ci="3" mb="0" cb="0"/><line nr="211" mi="0" ci="4" mb="0" cb="0"/><line nr="213" mi="0" ci="7" mb="0" cb="0"/><line nr="214" mi="0" ci="5" mb="0" cb="0"/><line nr="215" mi="0" ci="3" mb="0" cb="2"/><line nr="216" mi="0" ci="4" mb="0" cb="0"/><line nr="217" mi="0" ci="4" mb="0" cb="2"/><line nr="218" mi="0" ci="2" mb="0" cb="0"/><line nr="220" mi="0" ci="1" mb="0" cb="0"/><line nr="221" mi="1" ci="0" mb="0" cb="0"/><line nr="222" mi="7" ci="0" mb="0" cb="0"/><line nr="223" mi="0" ci="1" mb="0" cb="0"/><line nr="224" mi="0" ci="2" mb="0" cb="0"/><line nr="228" mi="0" ci="4" mb="0" cb="0"/><line nr="230" mi="0" ci="7" mb="0" cb="0"/><line nr="231" mi="0" ci="5" mb="0" cb="0"/><line nr="232" mi="0" ci="3" mb="0" cb="2"/><line nr="233" mi="0" ci="4" mb="0" cb="0"/><line nr="234" mi="0" ci="8" mb="0" cb="2"/><line nr="235" mi="0" ci="2" mb="0" cb="0"/><line nr="237" mi="0" ci="1" mb="0" cb="0"/><line nr="238" mi="1" ci="0" mb="0" cb="0"/><line nr="239" mi="7" ci="0" mb="0" cb="0"/><line nr="240" mi="0" ci="1" mb="0" cb="0"/><line nr="241" mi="0" ci="2" mb="0" cb="0"/><line nr="245" mi="0" ci="4" mb="0" cb="0"/><line nr="247" mi="0" ci="7" mb="0" cb="0"/><line nr="248" mi="0" ci="5" mb="0" cb="0"/><line nr="249" mi="0" ci="3" mb="0" cb="2"/><line nr="250" mi="0" ci="4" mb="0" cb="0"/><line nr="251" mi="0" ci="9" mb="0" cb="2"/><line nr="252" mi="0" ci="2" mb="0" cb="0"/><line nr="254" mi="0" ci="1" mb="0" cb="0"/><line nr="255" mi="1" ci="0" mb="0" cb="0"/><line nr="256" mi="7" ci="0" mb="0" cb="0"/><line nr="257" mi="0" ci="1" mb="0" cb="0"/><line nr="258" mi="0" ci="2" mb="0" cb="0"/><line nr="263" mi="0" ci="14" mb="0" cb="0"/><line nr="264" mi="1" ci="0" mb="0" cb="0"/><line nr="265" mi="6" ci="0" mb="0" cb="0"/><line nr="266" mi="0" ci="1" mb="0" cb="0"/><line nr="267" mi="0" ci="1" mb="0" cb="0"/><line nr="270" mi="0" ci="15" mb="0" cb="0"/><line nr="271" mi="0" ci="1" mb="0" cb="0"/><line nr="274" mi="0" ci="16" mb="0" cb="0"/><line nr="275" mi="0" ci="1" mb="0" cb="0"/><line nr="278" mi="0" ci="6" mb="0" cb="0"/><line nr="282" mi="0" ci="6" mb="0" cb="0"/><line nr="286" mi="6" ci="0" mb="0" cb="0"/><line nr="290" mi="0" ci="7" mb="0" cb="0"/><line nr="294" mi="0" ci="7" mb="0" cb="0"/><line nr="295" mi="0" ci="1" mb="0" cb="0"/><line nr="298" mi="0" ci="4" mb="0" cb="0"/><line nr="299" mi="0" ci="6" mb="0" cb="0"/><line nr="300" mi="0" ci="5" mb="0" cb="0"/><line nr="304" mi="0" ci="12" mb="0" cb="2"/><line nr="308" mi="0" ci="5" mb="0" cb="0"/><line nr="309" mi="0" ci="6" mb="0" cb="0"/><line nr="310" mi="0" ci="10" mb="0" cb="2"/><line nr="311" mi="0" ci="3" mb="0" cb="0"/><line nr="312" mi="0" ci="3" mb="0" cb="0"/><line nr="313" mi="0" ci="3" mb="0" cb="0"/><line nr="314" mi="0" ci="7" mb="0" cb="0"/><line nr="315" mi="0" ci="4" mb="0" cb="0"/><line nr="316" mi="0" ci="1" mb="0" cb="0"/><line nr="317" mi="0" ci="2" mb="0" cb="0"/><line nr="321" mi="0" ci="4" mb="0" cb="0"/><line nr="322" mi="0" ci="9" mb="0" cb="0"/><line nr="323" mi="0" ci="6" mb="0" cb="2"/><line nr="324" mi="0" ci="4" mb="0" cb="0"/><line nr="325" mi="0" ci="3" mb="1" cb="1"/><line nr="326" mi="0" ci="3" mb="0" cb="0"/><line nr="327" mi="0" ci="9" mb="1" cb="3"/><line nr="328" mi="0" ci="7" mb="0" cb="0"/><line nr="329" mi="0" ci="7" mb="0" cb="0"/><line nr="330" mi="0" ci="13" mb="0" cb="0"/><line nr="331" mi="0" ci="1" mb="0" cb="0"/><line nr="332" mi="0" ci="5" mb="0" cb="0"/><line nr="333" mi="0" ci="12" mb="0" cb="0"/><line nr="336" mi="0" ci="1" mb="0" cb="0"/><line nr="337" mi="0" ci="6" mb="0" cb="0"/><line nr="341" mi="0" ci="2" mb="0" cb="0"/><line nr="342" mi="0" ci="7" mb="0" cb="0"/><line nr="343" mi="0" ci="3" mb="0" cb="2"/><line nr="344" mi="0" ci="3" mb="0" cb="0"/><line nr="345" mi="0" ci="2" mb="0" cb="0"/><line nr="347" mi="0" ci="2" mb="0" cb="0"/><line nr="351" mi="0" ci="4" mb="0" cb="0"/><line nr="352" mi="0" ci="4" mb="0" cb="0"/><line nr="354" mi="0" ci="7" mb="0" cb="0"/><line nr="355" mi="0" ci="5" mb="0" cb="0"/><line nr="356" mi="0" ci="3" mb="0" cb="2"/><line nr="357" mi="0" ci="4" mb="0" cb="0"/><line nr="358" mi="0" ci="3" mb="1" cb="1"/><line nr="359" mi="0" ci="3" mb="0" cb="0"/><line nr="360" mi="0" ci="3" mb="0" cb="0"/><line nr="361" mi="0" ci="3" mb="0" cb="0"/><line nr="362" mi="0" ci="7" mb="1" cb="3"/><line nr="363" mi="0" ci="4" mb="0" cb="0"/><line nr="364" mi="0" ci="3" mb="1" cb="1"/><line nr="365" mi="0" ci="3" mb="0" cb="0"/><line nr="366" mi="0" ci="3" mb="0" cb="0"/><line nr="367" mi="0" ci="3" mb="0" cb="0"/><line nr="368" mi="0" ci="6" mb="0" cb="0"/><line nr="369" mi="0" ci="4" mb="0" cb="0"/><line nr="371" mi="0" ci="1" mb="0" cb="0"/><line nr="372" mi="0" ci="6" mb="0" cb="0"/><line nr="373" mi="0" ci="4" mb="0" cb="0"/><line nr="376" mi="0" ci="1" mb="0" cb="0"/><line nr="377" mi="1" ci="0" mb="0" cb="0"/><line nr="378" mi="7" ci="0" mb="0" cb="0"/><line nr="379" mi="0" ci="1" mb="0" cb="0"/><line nr="381" mi="0" ci="2" mb="0" cb="0"/><line nr="385" mi="0" ci="4" mb="0" cb="0"/><line nr="386" mi="0" ci="4" mb="0" cb="0"/><line nr="387" mi="0" ci="16" mb="0" cb="2"/><line nr="388" mi="0" ci="5" mb="0" cb="0"/><line nr="389" mi="0" ci="4" mb="0" cb="0"/><line nr="390" mi="0" ci="10" mb="0" cb="2"/><line nr="391" mi="0" ci="10" mb="0" cb="2"/><line nr="392" mi="0" ci="3" mb="0" cb="0"/><line nr="393" mi="0" ci="7" mb="0" cb="0"/><line nr="394" mi="0" ci="9" mb="0" cb="0"/><line nr="395" mi="0" ci="6" mb="0" cb="0"/><line nr="396" mi="0" ci="4" mb="0" cb="0"/><line nr="397" mi="0" ci="1" mb="0" cb="0"/><line nr="398" mi="0" ci="1" mb="0" cb="0"/><line nr="400" mi="0" ci="2" mb="0" cb="0"/><line nr="404" mi="0" ci="2" mb="0" cb="0"/><line nr="408" mi="0" ci="2" mb="0" cb="0"/><line nr="412" mi="0" ci="2" mb="0" cb="0"/><line nr="417" mi="0" ci="2" mb="0" cb="0"/><line nr="418" mi="0" ci="2" mb="0" cb="0"/><line nr="419" mi="2" ci="11" mb="1" cb="1"/><line nr="420" mi="0" ci="2" mb="0" cb="0"/><line nr="425" mi="0" ci="3" mb="0" cb="2"/><line nr="426" mi="0" ci="2" mb="0" cb="0"/><line nr="427" mi="0" ci="2" mb="1" cb="1"/><line nr="428" mi="2" ci="0" mb="0" cb="0"/><line nr="429" mi="0" ci="5" mb="1" cb="1"/><line nr="430" mi="2" ci="0" mb="0" cb="0"/><line nr="431" mi="0" ci="3" mb="0" cb="0"/><line nr="434" mi="1" ci="9" mb="2" cb="2"/><line nr="438" mi="0" ci="3" mb="1" cb="1"/><line nr="439" mi="0" ci="3" mb="0" cb="0"/><line nr="441" mi="0" ci="1" mb="0" cb="0"/><line nr="444" mi="8" ci="0" mb="0" cb="0"/><counter type="INSTRUCTION" missed="336" covered="865"/><counter type="BRANCH" missed="32" covered="70"/><counter type="LINE" missed="49" covered="190"/><counter type="COMPLEXITY" missed="30" covered="59"/><counter type="METHOD" missed="3" covered="35"/><counter type="CLASS" missed="0" covered="1"/></sourcefile><sourcefile name="TuPrologAtom.java"><line nr="39" mi="0" ci="8" mb="0" cb="0"/><line nr="40" mi="0" ci="1" mb="0" cb="0"/><line nr="43" mi="0" ci="3" mb="0" cb="0"/><line nr="47" mi="0" ci="6" mb="0" cb="0"/><line nr="48" mi="0" ci="1" mb="0" cb="0"/><line nr="51" mi="0" ci="3" mb="0" cb="0"/><line nr="55" mi="0" ci="2" mb="0" cb="0"/><line nr="59" mi="0" ci="12" mb="0" cb="0"/><counter type="INSTRUCTION" missed="0" covered="36"/><counter type="LINE" missed="0" covered="8"/><counter type="COMPLEXITY" missed="0" covered="6"/><counter type="METHOD" missed="0" covered="6"/><counter type="CLASS" missed="0" covered="1"/></sourcefile><counter type="INSTRUCTION" missed="801" covered="3561"/><counter type="BRANCH" missed="102" covered="262"/><counter type="LINE" missed="159" covered="753"/><counter type="COMPLEXITY" missed="105" covered="347"/><counter type="METHOD" missed="24" covered="240"/><counter type="CLASS" missed="0" covered="29"/></package><counter type="INSTRUCTION" missed="801" covered="3561"/><counter type="BRANCH" missed="102" covered="262"/><counter type="LINE" missed="159" covered="753"/><counter type="COMPLEXITY" missed="105" covered="347"/><counter type="METHOD" missed="24" covered="240"/><counter type="CLASS" missed="0" covered="29"/></report>